2025-10-12 22:00:55,070 - INFO - === 日志系统初始化 ===
2025-10-12 22:00:55,070 - INFO - 日志文件路径: D:\Pycharmcode\test\submit_order.log
2025-10-12 22:00:55,070 - INFO - 当前工作目录: D:\Pycharmcode\test
2025-10-12 22:00:55,070 - INFO - ===== 订单提交程序启动 =====
2025-10-12 22:00:56,831 - INFO - 浏览器初始化成功
2025-10-12 22:00:56,832 - INFO - 打开网站: https://satellite.nsmc.org.cn/DataPortal/cn/home/index.html
2025-10-12 22:01:26,896 - INFO - 开始登录流程
2025-10-12 22:01:29,238 - INFO - 成功点击元素: xpath: //*[@id="common-login"]
2025-10-12 22:01:30,326 - INFO - 成功输入文本到元素: xpath: //*[@id="inputUserNameCN"]
2025-10-12 22:01:30,391 - INFO - 成功输入文本到元素: xpath: //*[@id="inputPasswordCN"]
2025-10-12 22:01:30,956 - INFO - 识别到验证码: m45g
2025-10-12 22:01:31,080 - INFO - 成功输入文本到元素: xpath: //*[@id="inputValidateCodeCN"]
2025-10-12 22:01:31,128 - INFO - 成功点击元素: xpath: //*[@id="logincn"]/div[2]/div/div/div[2]/div[2]/div[6]/button
2025-10-12 22:01:34,131 - INFO - 验证登录结果：尝试查找'风云极轨卫星'元素
2025-10-12 22:01:47,524 - INFO - 成功找到'风云极轨卫星'元素，登录成功
2025-10-12 22:01:47,524 - INFO - 开始选择卫星数据
2025-10-12 22:01:47,558 - INFO - 成功点击元素: xpath: /html/body/div[4]/div[4]/div[1]/div/div[1]/div[1]/ul/li[2]
2025-10-12 22:01:47,630 - INFO - 成功点击元素: xpath: /html/body/div[4]/div[4]/div[1]/div/div[1]/div[3]/ul/li[4]
2025-10-12 22:01:47,675 - INFO - 成功点击元素: xpath: /html/body/div[4]/div[4]/div[1]/div/div[1]/div[4]/ul/li[1]
2025-10-12 22:01:47,744 - INFO - 成功点击元素: xpath: //*[@id="select2-sel-dataType-container"]
2025-10-12 22:01:47,786 - INFO - 成功点击元素: xpath: /html/body/span/span/span[2]/ul/li[1]
2025-10-12 22:01:47,786 - INFO - 卫星数据选择完成
2025-10-12 22:01:47,786 - INFO - 开始选择空间范围
2025-10-12 22:01:47,829 - INFO - 成功点击元素: xpath: //*[@id="txt-spaceArea"]
2025-10-12 22:01:48,416 - INFO - 成功输入文本到元素: xpath: //*[@id="other-North_D"]
2025-10-12 22:01:48,478 - INFO - 成功输入文本到元素: xpath: //*[@id="other-North_M"]
2025-10-12 22:01:48,549 - INFO - 成功输入文本到元素: xpath: //*[@id="other-West_D"]
2025-10-12 22:01:48,599 - INFO - 成功输入文本到元素: xpath: //*[@id="other-West_M"]
2025-10-12 22:01:48,682 - INFO - 成功输入文本到元素: xpath: //*[@id="other-East_D"]
2025-10-12 22:01:48,732 - INFO - 成功输入文本到元素: xpath: //*[@id="other-East_M"]
2025-10-12 22:01:48,802 - INFO - 成功输入文本到元素: xpath: //*[@id="other-South_D"]
2025-10-12 22:01:48,865 - INFO - 成功输入文本到元素: xpath: //*[@id="other-South_M"]
2025-10-12 22:01:48,916 - INFO - 成功点击元素: xpath: //*[@id="other-GISWebLocation"]/input
2025-10-12 22:01:48,981 - INFO - 成功点击元素: xpath: //*[@id="btn-space-area-confirm"]
2025-10-12 22:01:48,981 - INFO - 选择空间范围完成
2025-10-12 22:01:48,981 - INFO - 开始提交订单
2025-10-12 22:01:49,339 - INFO - 成功点击元素: xpath: //*[@id="btn-search"]
2025-10-12 22:01:51,896 - INFO - 成功点击元素: xpath: //*[@id="menuProNames"]
2025-10-12 22:01:51,938 - INFO - 成功点击元素: xpath: //*[@id="fileListHead"]/th[3]/div/ul/li[3]/a/input
2025-10-12 22:01:51,988 - INFO - 成功点击元素: xpath: //*[@id="searchId"]
2025-10-12 22:02:02,001 - WARNING - 点击元素失败，重试 1/3 - xpath: /html/body/div[9]/div/div[2]/div/div[2]/div[2]/div/table/tbody/tr[2]/td[1]/input
2025-10-12 22:02:22,092 - WARNING - 点击元素失败，重试 2/3 - xpath: /html/body/div[9]/div/div[2]/div/div[2]/div[2]/div/table/tbody/tr[2]/td[1]/input
2025-10-12 22:02:42,169 - WARNING - 点击元素失败，重试 3/3 - xpath: /html/body/div[9]/div/div[2]/div/div[2]/div[2]/div/table/tbody/tr[2]/td[1]/input
2025-10-12 22:03:02,228 - ERROR - 多次尝试后仍无法点击元素: xpath: /html/body/div[9]/div/div[2]/div/div[2]/div[2]/div/table/tbody/tr[2]/td[1]/input
2025-10-12 22:03:02,230 - ERROR - Traceback (most recent call last):
  File "D:/Pycharmcode/test/submit_order.py", line 120, in safe_click_element
    element = self.wait.until(EC.element_to_be_clickable((by, value)))
  File "C:\Users\Lenovo\.conda\envs\pachong3.8\lib\site-packages\selenium\webdriver\support\wait.py", line 105, in until
    raise TimeoutException(message, screen, stacktrace)
selenium.common.exceptions.TimeoutException: Message: 
Stacktrace:
	GetHandleVerifier [0x0x7ff7e8e61eb5+80197]
	GetHandleVerifier [0x0x7ff7e8e61f10+80288]
	(No symbol) [0x0x7ff7e8be02fa]
	(No symbol) [0x0x7ff7e8c37cd7]
	(No symbol) [0x0x7ff7e8c37f9c]
	(No symbol) [0x0x7ff7e8c8ba87]
	(No symbol) [0x0x7ff7e8c603bf]
	(No symbol) [0x0x7ff7e8c887fb]
	(No symbol) [0x0x7ff7e8c60153]
	(No symbol) [0x0x7ff7e8c28b02]
	(No symbol) [0x0x7ff7e8c298d3]
	GetHandleVerifier [0x0x7ff7e911e83d+2949837]
	GetHandleVerifier [0x0x7ff7e9118c6a+2926330]
	GetHandleVerifier [0x0x7ff7e91386c7+3055959]
	GetHandleVerifier [0x0x7ff7e8e7cfee+191102]
	GetHandleVerifier [0x0x7ff7e8e850af+224063]
	GetHandleVerifier [0x0x7ff7e8e6af64+117236]
	GetHandleVerifier [0x0x7ff7e8e6b119+117673]
	GetHandleVerifier [0x0x7ff7e8e510a8+11064]
	BaseThreadInitThunk [0x0x7ff97ef1e8d7+23]
	RtlUserThreadStart [0x0x7ff9810c8d9c+44]


During handling of the above exception, another exception occurred:

Traceback (most recent call last):
  File "D:/Pycharmcode/test/submit_order.py", line 120, in safe_click_element
    element = self.wait.until(EC.element_to_be_clickable((by, value)))
  File "C:\Users\Lenovo\.conda\envs\pachong3.8\lib\site-packages\selenium\webdriver\support\wait.py", line 105, in until
    raise TimeoutException(message, screen, stacktrace)
selenium.common.exceptions.TimeoutException: Message: 
Stacktrace:
	GetHandleVerifier [0x0x7ff7e8e61eb5+80197]
	GetHandleVerifier [0x0x7ff7e8e61f10+80288]
	(No symbol) [0x0x7ff7e8be02fa]
	(No symbol) [0x0x7ff7e8c37cd7]
	(No symbol) [0x0x7ff7e8c37f9c]
	(No symbol) [0x0x7ff7e8c8ba87]
	(No symbol) [0x0x7ff7e8c603bf]
	(No symbol) [0x0x7ff7e8c887fb]
	(No symbol) [0x0x7ff7e8c60153]
	(No symbol) [0x0x7ff7e8c28b02]
	(No symbol) [0x0x7ff7e8c298d3]
	GetHandleVerifier [0x0x7ff7e911e83d+2949837]
	GetHandleVerifier [0x0x7ff7e9118c6a+2926330]
	GetHandleVerifier [0x0x7ff7e91386c7+3055959]
	GetHandleVerifier [0x0x7ff7e8e7cfee+191102]
	GetHandleVerifier [0x0x7ff7e8e850af+224063]
	GetHandleVerifier [0x0x7ff7e8e6af64+117236]
	GetHandleVerifier [0x0x7ff7e8e6b119+117673]
	GetHandleVerifier [0x0x7ff7e8e510a8+11064]
	BaseThreadInitThunk [0x0x7ff97ef1e8d7+23]
	RtlUserThreadStart [0x0x7ff9810c8d9c+44]


During handling of the above exception, another exception occurred:

Traceback (most recent call last):
  File "D:/Pycharmcode/test/submit_order.py", line 120, in safe_click_element
    element = self.wait.until(EC.element_to_be_clickable((by, value)))
  File "C:\Users\Lenovo\.conda\envs\pachong3.8\lib\site-packages\selenium\webdriver\support\wait.py", line 105, in until
    raise TimeoutException(message, screen, stacktrace)
selenium.common.exceptions.TimeoutException: Message: 
Stacktrace:
	GetHandleVerifier [0x0x7ff7e8e61eb5+80197]
	GetHandleVerifier [0x0x7ff7e8e61f10+80288]
	(No symbol) [0x0x7ff7e8be02fa]
	(No symbol) [0x0x7ff7e8c37cd7]
	(No symbol) [0x0x7ff7e8c37f9c]
	(No symbol) [0x0x7ff7e8c8ba87]
	(No symbol) [0x0x7ff7e8c603bf]
	(No symbol) [0x0x7ff7e8c887fb]
	(No symbol) [0x0x7ff7e8c60153]
	(No symbol) [0x0x7ff7e8c28b02]
	(No symbol) [0x0x7ff7e8c298d3]
	GetHandleVerifier [0x0x7ff7e911e83d+2949837]
	GetHandleVerifier [0x0x7ff7e9118c6a+2926330]
	GetHandleVerifier [0x0x7ff7e91386c7+3055959]
	GetHandleVerifier [0x0x7ff7e8e7cfee+191102]
	GetHandleVerifier [0x0x7ff7e8e850af+224063]
	GetHandleVerifier [0x0x7ff7e8e6af64+117236]
	GetHandleVerifier [0x0x7ff7e8e6b119+117673]
	GetHandleVerifier [0x0x7ff7e8e510a8+11064]
	BaseThreadInitThunk [0x0x7ff97ef1e8d7+23]
	RtlUserThreadStart [0x0x7ff9810c8d9c+44]


During handling of the above exception, another exception occurred:

Traceback (most recent call last):
  File "D:/Pycharmcode/test/submit_order.py", line 120, in safe_click_element
    element = self.wait.until(EC.element_to_be_clickable((by, value)))
  File "C:\Users\Lenovo\.conda\envs\pachong3.8\lib\site-packages\selenium\webdriver\support\wait.py", line 105, in until
    raise TimeoutException(message, screen, stacktrace)
selenium.common.exceptions.TimeoutException: Message: 
Stacktrace:
	GetHandleVerifier [0x0x7ff7e8e61eb5+80197]
	GetHandleVerifier [0x0x7ff7e8e61f10+80288]
	(No symbol) [0x0x7ff7e8be02fa]
	(No symbol) [0x0x7ff7e8c37cd7]
	(No symbol) [0x0x7ff7e8c37f9c]
	(No symbol) [0x0x7ff7e8c8ba87]
	(No symbol) [0x0x7ff7e8c603bf]
	(No symbol) [0x0x7ff7e8c887fb]
	(No symbol) [0x0x7ff7e8c60153]
	(No symbol) [0x0x7ff7e8c28b02]
	(No symbol) [0x0x7ff7e8c298d3]
	GetHandleVerifier [0x0x7ff7e911e83d+2949837]
	GetHandleVerifier [0x0x7ff7e9118c6a+2926330]
	GetHandleVerifier [0x0x7ff7e91386c7+3055959]
	GetHandleVerifier [0x0x7ff7e8e7cfee+191102]
	GetHandleVerifier [0x0x7ff7e8e850af+224063]
	GetHandleVerifier [0x0x7ff7e8e6af64+117236]
	GetHandleVerifier [0x0x7ff7e8e6b119+117673]
	GetHandleVerifier [0x0x7ff7e8e510a8+11064]
	BaseThreadInitThunk [0x0x7ff97ef1e8d7+23]
	RtlUserThreadStart [0x0x7ff9810c8d9c+44]


2025-10-12 22:03:02,230 - ERROR - 提交订单失败，程序退出
2025-10-12 22:03:02,230 - INFO - ===== 订单提交程序结束 =====
2025-10-12 22:03:56,862 - INFO - === 日志系统初始化 ===
2025-10-12 22:03:56,862 - INFO - 日志文件路径: D:\Pycharmcode\test\submit_order.log
2025-10-12 22:03:56,862 - INFO - 当前工作目录: D:\Pycharmcode\test
2025-10-12 22:03:56,862 - INFO - ===== 订单提交程序启动 =====
2025-10-12 22:03:58,230 - INFO - 浏览器初始化成功
2025-10-12 22:03:58,230 - INFO - 打开网站: https://satellite.nsmc.org.cn/DataPortal/cn/home/index.html
2025-10-12 22:04:23,598 - INFO - 开始登录流程
2025-10-12 22:04:28,946 - INFO - 成功点击元素: xpath: //*[@id="common-login"]
2025-10-12 22:04:30,045 - INFO - 成功输入文本到元素: xpath: //*[@id="inputUserNameCN"]
2025-10-12 22:04:30,110 - INFO - 成功输入文本到元素: xpath: //*[@id="inputPasswordCN"]
2025-10-12 22:04:30,677 - INFO - 识别到验证码: b41c
2025-10-12 22:04:30,790 - INFO - 成功输入文本到元素: xpath: //*[@id="inputValidateCodeCN"]
2025-10-12 22:04:30,845 - INFO - 成功点击元素: xpath: //*[@id="logincn"]/div[2]/div/div/div[2]/div[2]/div[6]/button
2025-10-12 22:04:33,849 - INFO - 验证登录结果：尝试查找'风云极轨卫星'元素
2025-10-12 22:04:43,905 - WARNING - 查找元素失败，重试 1/3 - xpath: /html/body/div[4]/div[4]/div[1]/div/div[1]/div[1]/ul/li[2]
2025-10-12 22:04:54,979 - WARNING - 查找元素失败，重试 2/3 - xpath: /html/body/div[4]/div[4]/div[1]/div/div[1]/div[1]/ul/li[2]
2025-10-12 22:05:06,015 - WARNING - 查找元素失败，重试 3/3 - xpath: /html/body/div[4]/div[4]/div[1]/div/div[1]/div[1]/ul/li[2]
2025-10-12 22:05:17,059 - ERROR - 多次尝试后仍无法找到元素: xpath: /html/body/div[4]/div[4]/div[1]/div/div[1]/div[1]/ul/li[2]
2025-10-12 22:05:17,059 - ERROR - Traceback (most recent call last):
  File "D:\Pycharmcode\test\submit_order.py", line 107, in safe_find_element
    return self.wait.until(EC.presence_of_element_located((by, value)))  # 使用创建的显式等待对象 self.wait等待元素「出现」
  File "C:\Users\Lenovo\.conda\envs\pachong3.8\lib\site-packages\selenium\webdriver\support\wait.py", line 105, in until
    raise TimeoutException(message, screen, stacktrace)
selenium.common.exceptions.TimeoutException: Message: 
Stacktrace:
	GetHandleVerifier [0x0x7ff7e8e61eb5+80197]
	GetHandleVerifier [0x0x7ff7e8e61f10+80288]
	(No symbol) [0x0x7ff7e8be02fa]
	(No symbol) [0x0x7ff7e8c37cd7]
	(No symbol) [0x0x7ff7e8c37f9c]
	(No symbol) [0x0x7ff7e8c8ba87]
	(No symbol) [0x0x7ff7e8c603bf]
	(No symbol) [0x0x7ff7e8c887fb]
	(No symbol) [0x0x7ff7e8c60153]
	(No symbol) [0x0x7ff7e8c28b02]
	(No symbol) [0x0x7ff7e8c298d3]
	GetHandleVerifier [0x0x7ff7e911e83d+2949837]
	GetHandleVerifier [0x0x7ff7e9118c6a+2926330]
	GetHandleVerifier [0x0x7ff7e91386c7+3055959]
	GetHandleVerifier [0x0x7ff7e8e7cfee+191102]
	GetHandleVerifier [0x0x7ff7e8e850af+224063]
	GetHandleVerifier [0x0x7ff7e8e6af64+117236]
	GetHandleVerifier [0x0x7ff7e8e6b119+117673]
	GetHandleVerifier [0x0x7ff7e8e510a8+11064]
	BaseThreadInitThunk [0x0x7ff97ef1e8d7+23]
	RtlUserThreadStart [0x0x7ff9810c8d9c+44]


During handling of the above exception, another exception occurred:

Traceback (most recent call last):
  File "D:\Pycharmcode\test\submit_order.py", line 107, in safe_find_element
    return self.wait.until(EC.presence_of_element_located((by, value)))  # 使用创建的显式等待对象 self.wait等待元素「出现」
  File "C:\Users\Lenovo\.conda\envs\pachong3.8\lib\site-packages\selenium\webdriver\support\wait.py", line 105, in until
    raise TimeoutException(message, screen, stacktrace)
selenium.common.exceptions.TimeoutException: Message: 
Stacktrace:
	GetHandleVerifier [0x0x7ff7e8e61eb5+80197]
	GetHandleVerifier [0x0x7ff7e8e61f10+80288]
	(No symbol) [0x0x7ff7e8be02fa]
	(No symbol) [0x0x7ff7e8c37cd7]
	(No symbol) [0x0x7ff7e8c37f9c]
	(No symbol) [0x0x7ff7e8c8ba87]
	(No symbol) [0x0x7ff7e8c603bf]
	(No symbol) [0x0x7ff7e8c887fb]
	(No symbol) [0x0x7ff7e8c60153]
	(No symbol) [0x0x7ff7e8c28b02]
	(No symbol) [0x0x7ff7e8c298d3]
	GetHandleVerifier [0x0x7ff7e911e83d+2949837]
	GetHandleVerifier [0x0x7ff7e9118c6a+2926330]
	GetHandleVerifier [0x0x7ff7e91386c7+3055959]
	GetHandleVerifier [0x0x7ff7e8e7cfee+191102]
	GetHandleVerifier [0x0x7ff7e8e850af+224063]
	GetHandleVerifier [0x0x7ff7e8e6af64+117236]
	GetHandleVerifier [0x0x7ff7e8e6b119+117673]
	GetHandleVerifier [0x0x7ff7e8e510a8+11064]
	BaseThreadInitThunk [0x0x7ff97ef1e8d7+23]
	RtlUserThreadStart [0x0x7ff9810c8d9c+44]


During handling of the above exception, another exception occurred:

Traceback (most recent call last):
  File "D:\Pycharmcode\test\submit_order.py", line 107, in safe_find_element
    return self.wait.until(EC.presence_of_element_located((by, value)))  # 使用创建的显式等待对象 self.wait等待元素「出现」
  File "C:\Users\Lenovo\.conda\envs\pachong3.8\lib\site-packages\selenium\webdriver\support\wait.py", line 105, in until
    raise TimeoutException(message, screen, stacktrace)
selenium.common.exceptions.TimeoutException: Message: 
Stacktrace:
	GetHandleVerifier [0x0x7ff7e8e61eb5+80197]
	GetHandleVerifier [0x0x7ff7e8e61f10+80288]
	(No symbol) [0x0x7ff7e8be02fa]
	(No symbol) [0x0x7ff7e8c37cd7]
	(No symbol) [0x0x7ff7e8c37f9c]
	(No symbol) [0x0x7ff7e8c8ba87]
	(No symbol) [0x0x7ff7e8c603bf]
	(No symbol) [0x0x7ff7e8c887fb]
	(No symbol) [0x0x7ff7e8c60153]
	(No symbol) [0x0x7ff7e8c28b02]
	(No symbol) [0x0x7ff7e8c298d3]
	GetHandleVerifier [0x0x7ff7e911e83d+2949837]
	GetHandleVerifier [0x0x7ff7e9118c6a+2926330]
	GetHandleVerifier [0x0x7ff7e91386c7+3055959]
	GetHandleVerifier [0x0x7ff7e8e7cfee+191102]
	GetHandleVerifier [0x0x7ff7e8e850af+224063]
	GetHandleVerifier [0x0x7ff7e8e6af64+117236]
	GetHandleVerifier [0x0x7ff7e8e6b119+117673]
	GetHandleVerifier [0x0x7ff7e8e510a8+11064]
	BaseThreadInitThunk [0x0x7ff97ef1e8d7+23]
	RtlUserThreadStart [0x0x7ff9810c8d9c+44]


During handling of the above exception, another exception occurred:

Traceback (most recent call last):
  File "D:\Pycharmcode\test\submit_order.py", line 107, in safe_find_element
    return self.wait.until(EC.presence_of_element_located((by, value)))  # 使用创建的显式等待对象 self.wait等待元素「出现」
  File "C:\Users\Lenovo\.conda\envs\pachong3.8\lib\site-packages\selenium\webdriver\support\wait.py", line 105, in until
    raise TimeoutException(message, screen, stacktrace)
selenium.common.exceptions.TimeoutException: Message: 
Stacktrace:
	GetHandleVerifier [0x0x7ff7e8e61eb5+80197]
	GetHandleVerifier [0x0x7ff7e8e61f10+80288]
	(No symbol) [0x0x7ff7e8be02fa]
	(No symbol) [0x0x7ff7e8c37cd7]
	(No symbol) [0x0x7ff7e8c37f9c]
	(No symbol) [0x0x7ff7e8c8ba87]
	(No symbol) [0x0x7ff7e8c603bf]
	(No symbol) [0x0x7ff7e8c887fb]
	(No symbol) [0x0x7ff7e8c60153]
	(No symbol) [0x0x7ff7e8c28b02]
	(No symbol) [0x0x7ff7e8c298d3]
	GetHandleVerifier [0x0x7ff7e911e83d+2949837]
	GetHandleVerifier [0x0x7ff7e9118c6a+2926330]
	GetHandleVerifier [0x0x7ff7e91386c7+3055959]
	GetHandleVerifier [0x0x7ff7e8e7cfee+191102]
	GetHandleVerifier [0x0x7ff7e8e850af+224063]
	GetHandleVerifier [0x0x7ff7e8e6af64+117236]
	GetHandleVerifier [0x0x7ff7e8e6b119+117673]
	GetHandleVerifier [0x0x7ff7e8e510a8+11064]
	BaseThreadInitThunk [0x0x7ff97ef1e8d7+23]
	RtlUserThreadStart [0x0x7ff9810c8d9c+44]


2025-10-12 22:05:17,066 - WARNING - 登录失败（未找到'风云极轨卫星'元素，可能是因为验证码输入错误，未成功登录），刷新验证码重试 2/3
2025-10-12 22:05:18,670 - INFO - 识别到验证码: vrbk
2025-10-12 22:05:18,790 - INFO - 成功输入文本到元素: xpath: //*[@id="inputValidateCodeCN"]
2025-10-12 22:05:18,843 - INFO - 成功点击元素: xpath: //*[@id="logincn"]/div[2]/div/div/div[2]/div[2]/div[6]/button
2025-10-12 22:05:21,852 - INFO - 验证登录结果：尝试查找'风云极轨卫星'元素
2025-10-12 22:05:32,881 - INFO - 成功找到'风云极轨卫星'元素，登录成功
2025-10-12 22:05:32,881 - INFO - 开始选择卫星数据
2025-10-12 22:05:32,916 - INFO - 成功点击元素: xpath: /html/body/div[4]/div[4]/div[1]/div/div[1]/div[1]/ul/li[2]
2025-10-12 22:05:32,954 - INFO - 成功点击元素: xpath: /html/body/div[4]/div[4]/div[1]/div/div[1]/div[3]/ul/li[4]
2025-10-12 22:05:32,994 - INFO - 成功点击元素: xpath: /html/body/div[4]/div[4]/div[1]/div/div[1]/div[4]/ul/li[1]
2025-10-12 22:05:33,035 - INFO - 成功点击元素: xpath: //*[@id="select2-sel-dataType-container"]
2025-10-12 22:05:33,075 - INFO - 成功点击元素: xpath: /html/body/span/span/span[2]/ul/li[1]
2025-10-12 22:05:33,075 - INFO - 卫星数据选择完成
2025-10-12 22:05:33,075 - INFO - 开始选择空间范围
2025-10-12 22:05:33,118 - INFO - 成功点击元素: xpath: //*[@id="txt-spaceArea"]
2025-10-12 22:05:33,699 - INFO - 成功输入文本到元素: xpath: //*[@id="other-North_D"]
2025-10-12 22:05:33,765 - INFO - 成功输入文本到元素: xpath: //*[@id="other-North_M"]
2025-10-12 22:05:33,823 - INFO - 成功输入文本到元素: xpath: //*[@id="other-West_D"]
2025-10-12 22:05:33,878 - INFO - 成功输入文本到元素: xpath: //*[@id="other-West_M"]
2025-10-12 22:05:33,932 - INFO - 成功输入文本到元素: xpath: //*[@id="other-East_D"]
2025-10-12 22:05:33,986 - INFO - 成功输入文本到元素: xpath: //*[@id="other-East_M"]
2025-10-12 22:05:34,039 - INFO - 成功输入文本到元素: xpath: //*[@id="other-South_D"]
2025-10-12 22:05:34,090 - INFO - 成功输入文本到元素: xpath: //*[@id="other-South_M"]
2025-10-12 22:05:34,134 - INFO - 成功点击元素: xpath: //*[@id="other-GISWebLocation"]/input
2025-10-12 22:05:34,169 - INFO - 成功点击元素: xpath: //*[@id="btn-space-area-confirm"]
2025-10-12 22:05:34,169 - INFO - 选择空间范围完成
2025-10-12 22:05:34,169 - INFO - 开始提交订单
2025-10-12 22:05:34,728 - INFO - 成功点击元素: xpath: //*[@id="btn-search"]
2025-10-12 22:05:38,296 - INFO - 成功点击元素: xpath: //*[@id="menuProNames"]
2025-10-12 22:05:38,339 - INFO - 成功点击元素: xpath: //*[@id="fileListHead"]/th[3]/div/ul/li[3]/a/input
2025-10-12 22:05:38,384 - INFO - 成功点击元素: xpath: //*[@id="searchId"]
2025-10-12 22:05:48,428 - WARNING - 点击元素失败，重试 1/3 - xpath: /html/body/div[9]/div/div[2]/div/div[2]/div[2]/div/table/tbody/tr[2]/td[1]/input
2025-10-12 22:06:08,515 - WARNING - 点击元素失败，重试 2/3 - xpath: /html/body/div[9]/div/div[2]/div/div[2]/div[2]/div/table/tbody/tr[2]/td[1]/input
2025-10-12 22:06:18,185 - INFO - 成功点击元素: xpath: /html/body/div[9]/div/div[2]/div/div[2]/div[2]/div/table/tbody/tr[2]/td[1]/input
2025-10-12 22:06:20,139 - INFO - 成功点击元素: xpath: //*[@id="commitEdit"]
2025-10-12 22:06:20,298 - INFO - 成功点击元素: xpath: //*[@id="chkIsSendMail"]
2025-10-12 22:06:20,340 - INFO - 成功点击元素: xpath: /html/body/div[4]/div/div[3]/div[2]/div[2]/div[4]/button
2025-10-12 22:06:20,340 - INFO - 订单提交完成
2025-10-12 22:06:20,340 - INFO - 查看订单
2025-10-12 22:06:21,781 - INFO - 成功点击元素: xpath: //*[@id="submit-order"]/div[2]/div/div[3]/button[1]
2025-10-12 22:06:21,781 - INFO - 下载操作完成
2025-10-12 22:06:21,781 - INFO - 所有操作完成
2025-10-12 22:06:21,781 - INFO - ===== 订单提交程序结束 =====
2025-10-12 22:15:24,073 - INFO - === 日志系统初始化 ===
2025-10-12 22:15:24,073 - INFO - 日志文件路径: D:\Pycharmcode\test\submit_order.log
2025-10-12 22:15:24,073 - INFO - 当前工作目录: D:\Pycharmcode\test
2025-10-12 22:15:24,073 - INFO - ===== 订单提交程序启动 =====
2025-10-12 22:15:25,427 - INFO - 浏览器初始化成功
2025-10-12 22:15:25,428 - INFO - 打开网站: https://satellite.nsmc.org.cn/DataPortal/cn/home/index.html
2025-10-12 22:15:50,029 - INFO - 开始登录流程
2025-10-12 22:15:51,644 - INFO - 成功点击元素: xpath: //*[@id="common-login"]
2025-10-12 22:15:52,722 - INFO - 成功输入文本到元素: xpath: //*[@id="inputUserNameCN"]
2025-10-12 22:15:52,796 - INFO - 成功输入文本到元素: xpath: //*[@id="inputPasswordCN"]
2025-10-12 22:15:53,372 - INFO - 识别到验证码: wdq0
2025-10-12 22:15:53,505 - INFO - 成功输入文本到元素: xpath: //*[@id="inputValidateCodeCN"]
2025-10-12 22:15:53,547 - INFO - 成功点击元素: xpath: //*[@id="logincn"]/div[2]/div/div/div[2]/div[2]/div[6]/button
2025-10-12 22:15:56,549 - INFO - 验证登录结果：尝试查找'风云极轨卫星'元素
2025-10-12 22:16:10,385 - INFO - 成功找到'风云极轨卫星'元素，登录成功
2025-10-12 22:16:10,386 - INFO - 开始选择卫星数据
2025-10-12 22:16:10,452 - INFO - 成功点击元素: xpath: /html/body/div[4]/div[4]/div[1]/div/div[1]/div[1]/ul/li[2]
2025-10-12 22:16:10,516 - WARNING - 点击元素失败，重试 1/3 - xpath: /html/body/div[4]/div[4]/div[1]/div/div[1]/div[3]/ul/li[4]
2025-10-12 22:16:11,576 - INFO - 成功点击元素: xpath: /html/body/div[4]/div[4]/div[1]/div/div[1]/div[3]/ul/li[4]
2025-10-12 22:16:11,621 - INFO - 成功点击元素: xpath: /html/body/div[4]/div[4]/div[1]/div/div[1]/div[4]/ul/li[1]
2025-10-12 22:16:11,669 - INFO - 成功点击元素: xpath: //*[@id="select2-sel-dataType-container"]
2025-10-12 22:16:11,705 - INFO - 成功点击元素: xpath: /html/body/span/span/span[2]/ul/li[1]
2025-10-12 22:16:11,705 - INFO - 卫星数据选择完成
2025-10-12 22:16:11,705 - INFO - 开始选择空间范围
2025-10-12 22:16:11,751 - INFO - 成功点击元素: xpath: //*[@id="txt-spaceArea"]
2025-10-12 22:16:12,344 - INFO - 成功输入文本到元素: xpath: //*[@id="other-North_D"]
2025-10-12 22:16:12,911 - INFO - 成功输入文本到元素: xpath: //*[@id="other-North_M"]
2025-10-12 22:16:13,476 - INFO - 成功输入文本到元素: xpath: //*[@id="other-West_D"]
2025-10-12 22:16:14,031 - INFO - 成功输入文本到元素: xpath: //*[@id="other-West_M"]
2025-10-12 22:16:14,582 - INFO - 成功输入文本到元素: xpath: //*[@id="other-East_D"]
2025-10-12 22:16:15,135 - INFO - 成功输入文本到元素: xpath: //*[@id="other-East_M"]
2025-10-12 22:16:15,688 - INFO - 成功输入文本到元素: xpath: //*[@id="other-South_D"]
2025-10-12 22:16:16,256 - INFO - 成功输入文本到元素: xpath: //*[@id="other-South_M"]
2025-10-12 22:16:16,807 - INFO - 成功点击元素: xpath: //*[@id="other-GISWebLocation"]/input
2025-10-12 22:16:16,842 - INFO - 成功点击元素: xpath: //*[@id="btn-space-area-confirm"]
2025-10-12 22:16:16,842 - INFO - 选择空间范围完成
2025-10-12 22:16:16,842 - INFO - 开始提交订单
2025-10-12 22:16:18,894 - INFO - 成功点击元素: xpath: //*[@id="btn-search"]
2025-10-12 22:16:21,947 - INFO - 成功点击元素: xpath: //*[@id="menuProNames"]
2025-10-12 22:16:21,990 - INFO - 成功点击元素: xpath: //*[@id="fileListHead"]/th[3]/div/ul/li[3]/a/input
2025-10-12 22:16:22,037 - INFO - 成功点击元素: xpath: //*[@id="searchId"]
2025-10-12 22:16:22,563 - INFO - 成功点击元素: xpath: /html/body/div[9]/div/div[2]/div/div[2]/div[2]/div/table/tbody/tr[2]/td[1]/input
2025-10-12 22:16:24,129 - INFO - 成功点击元素: xpath: //*[@id="commitEdit"]
2025-10-12 22:16:24,945 - INFO - 成功点击元素: xpath: //*[@id="chkIsSendMail"]
2025-10-12 22:16:24,983 - INFO - 成功点击元素: xpath: /html/body/div[4]/div/div[3]/div[2]/div[2]/div[4]/button
2025-10-12 22:16:24,983 - INFO - 订单提交完成
2025-10-12 22:16:24,983 - INFO - 查看订单
2025-10-12 22:16:26,471 - INFO - 成功点击元素: xpath: //*[@id="submit-order"]/div[2]/div/div[3]/button[1]
2025-10-12 22:16:26,471 - INFO - 下载操作完成
2025-10-12 22:16:26,471 - INFO - 所有操作完成
2025-10-12 22:16:26,471 - INFO - ===== 订单提交程序结束 =====
2025-10-14 20:31:37,986 - INFO - === 日志系统初始化 ===
2025-10-14 20:31:37,986 - INFO - 日志文件路径: D:\Pycharmcode\test\submit_order.log
2025-10-14 20:31:37,986 - INFO - 当前工作目录: D:\Pycharmcode\test
2025-10-14 20:31:37,986 - INFO - ===== 订单提交程序启动 =====
2025-10-14 20:31:39,393 - INFO - 浏览器初始化成功
2025-10-14 20:31:39,394 - INFO - 打开网站: https://satellite.nsmc.org.cn/DataPortal/cn/home/index.html
2025-10-14 20:31:47,225 - INFO - === 日志系统初始化 ===
2025-10-14 20:31:47,225 - INFO - 日志文件路径: D:\Pycharmcode\test\submit_order.log
2025-10-14 20:31:47,225 - INFO - 当前工作目录: D:\Pycharmcode\test
2025-10-14 20:31:47,225 - INFO - ===== 订单提交程序启动 =====
2025-10-14 20:31:48,637 - INFO - 浏览器初始化成功
2025-10-14 20:31:48,637 - INFO - 打开网站: https://satellite.nsmc.org.cn/DataPortal/cn/home/index.html
2025-10-14 20:31:52,673 - INFO - 开始登录流程
2025-10-14 20:31:52,674 - ERROR - 程序运行出错: Message: no such window: target window already closed
from unknown error: web view not found
  (Session info: chrome=140.0.7339.81)
Stacktrace:
	GetHandleVerifier [0x0x7ff646431eb5+80197]
	GetHandleVerifier [0x0x7ff646431f10+80288]
	(No symbol) [0x0x7ff6461b02fa]
	(No symbol) [0x0x7ff6461882a1]
	(No symbol) [0x0x7ff64623799e]
	(No symbol) [0x0x7ff646258132]
	(No symbol) [0x0x7ff646230153]
	(No symbol) [0x0x7ff6461f8b02]
	(No symbol) [0x0x7ff6461f98d3]
	GetHandleVerifier [0x0x7ff6466ee83d+2949837]
	GetHandleVerifier [0x0x7ff6466e8c6a+2926330]
	GetHandleVerifier [0x0x7ff6467086c7+3055959]
	GetHandleVerifier [0x0x7ff64644cfee+191102]
	GetHandleVerifier [0x0x7ff6464550af+224063]
	GetHandleVerifier [0x0x7ff64643af64+117236]
	GetHandleVerifier [0x0x7ff64643b119+117673]
	GetHandleVerifier [0x0x7ff6464210a8+11064]
	BaseThreadInitThunk [0x0x7ff97ef1e8d7+23]
	RtlUserThreadStart [0x0x7ff9810c8d9c+44]

2025-10-14 20:31:52,676 - ERROR - Traceback (most recent call last):
  File "D:\Pycharmcode\test\submit_order.py", line 253, in run
    if not self._login():
  File "D:\Pycharmcode\test\submit_order.py", line 293, in _login
    if not self.browser.safe_click_element(*self.locators['login_button']):
  File "D:\Pycharmcode\test\submit_order.py", line 120, in safe_click_element
    element = self.wait.until(EC.element_to_be_clickable((by, value)))
  File "C:\Users\Lenovo\.conda\envs\pachong3.8\lib\site-packages\selenium\webdriver\support\wait.py", line 96, in until
    value = method(self._driver)
  File "C:\Users\Lenovo\.conda\envs\pachong3.8\lib\site-packages\selenium\webdriver\support\expected_conditions.py", line 363, in _predicate
    target = driver.find_element(*target)  # grab element at locator
  File "C:\Users\Lenovo\.conda\envs\pachong3.8\lib\site-packages\selenium\webdriver\remote\webdriver.py", line 770, in find_element
    return self.execute(Command.FIND_ELEMENT, {"using": by, "value": value})["value"]
  File "C:\Users\Lenovo\.conda\envs\pachong3.8\lib\site-packages\selenium\webdriver\remote\webdriver.py", line 384, in execute
    self.error_handler.check_response(response)
  File "C:\Users\Lenovo\.conda\envs\pachong3.8\lib\site-packages\selenium\webdriver\remote\errorhandler.py", line 232, in check_response
    raise exception_class(message, screen, stacktrace)
selenium.common.exceptions.NoSuchWindowException: Message: no such window: target window already closed
from unknown error: web view not found
  (Session info: chrome=140.0.7339.81)
Stacktrace:
	GetHandleVerifier [0x0x7ff646431eb5+80197]
	GetHandleVerifier [0x0x7ff646431f10+80288]
	(No symbol) [0x0x7ff6461b02fa]
	(No symbol) [0x0x7ff6461882a1]
	(No symbol) [0x0x7ff64623799e]
	(No symbol) [0x0x7ff646258132]
	(No symbol) [0x0x7ff646230153]
	(No symbol) [0x0x7ff6461f8b02]
	(No symbol) [0x0x7ff6461f98d3]
	GetHandleVerifier [0x0x7ff6466ee83d+2949837]
	GetHandleVerifier [0x0x7ff6466e8c6a+2926330]
	GetHandleVerifier [0x0x7ff6467086c7+3055959]
	GetHandleVerifier [0x0x7ff64644cfee+191102]
	GetHandleVerifier [0x0x7ff6464550af+224063]
	GetHandleVerifier [0x0x7ff64643af64+117236]
	GetHandleVerifier [0x0x7ff64643b119+117673]
	GetHandleVerifier [0x0x7ff6464210a8+11064]
	BaseThreadInitThunk [0x0x7ff97ef1e8d7+23]
	RtlUserThreadStart [0x0x7ff9810c8d9c+44]


2025-10-14 20:31:52,676 - INFO - ===== 订单提交程序结束 =====
2025-10-14 20:32:08,135 - INFO - 开始登录流程
2025-10-14 20:32:11,495 - INFO - 成功点击元素: xpath: //*[@id="common-login"]
2025-10-14 20:32:12,586 - INFO - 成功输入文本到元素: xpath: //*[@id="inputUserNameCN"]
2025-10-14 20:32:12,642 - INFO - 成功输入文本到元素: xpath: //*[@id="inputPasswordCN"]
2025-10-14 20:32:13,237 - INFO - 识别到验证码: ob8b
2025-10-14 20:32:13,353 - INFO - 成功输入文本到元素: xpath: //*[@id="inputValidateCodeCN"]
2025-10-14 20:32:13,409 - INFO - 成功点击元素: xpath: //*[@id="logincn"]/div[2]/div/div/div[2]/div[2]/div[6]/button
2025-10-14 20:32:16,421 - INFO - 验证登录结果：尝试查找'风云极轨卫星'元素
2025-10-14 20:32:44,525 - INFO - 成功找到'风云极轨卫星'元素，登录成功
2025-10-14 20:32:44,525 - INFO - 开始选择卫星数据
2025-10-14 20:32:44,571 - INFO - 成功点击元素: xpath: /html/body/div[4]/div[4]/div[1]/div/div[1]/div[1]/ul/li[2]
2025-10-14 20:32:44,626 - WARNING - 点击元素失败，重试 1/3 - xpath: /html/body/div[4]/div[4]/div[1]/div/div[1]/div[3]/ul/li[4]
2025-10-14 20:32:45,680 - INFO - 成功点击元素: xpath: /html/body/div[4]/div[4]/div[1]/div/div[1]/div[3]/ul/li[4]
2025-10-14 20:32:45,714 - INFO - 成功点击元素: xpath: /html/body/div[4]/div[4]/div[1]/div/div[1]/div[4]/ul/li[1]
2025-10-14 20:32:45,770 - INFO - 成功点击元素: xpath: //*[@id="select2-sel-dataType-container"]
2025-10-14 20:32:45,805 - INFO - 成功点击元素: xpath: /html/body/span/span/span[2]/ul/li[1]
2025-10-14 20:32:45,806 - INFO - 卫星数据选择完成
2025-10-14 20:32:45,806 - INFO - 开始选择空间范围
2025-10-14 20:32:45,854 - INFO - 成功点击元素: xpath: //*[@id="txt-spaceArea"]
2025-10-14 20:32:46,445 - INFO - 成功输入文本到元素: xpath: //*[@id="other-North_D"]
2025-10-14 20:32:47,037 - INFO - 成功输入文本到元素: xpath: //*[@id="other-North_M"]
2025-10-14 20:32:47,626 - INFO - 成功输入文本到元素: xpath: //*[@id="other-West_D"]
2025-10-14 20:32:48,200 - INFO - 成功输入文本到元素: xpath: //*[@id="other-West_M"]
2025-10-14 20:32:48,768 - INFO - 成功输入文本到元素: xpath: //*[@id="other-East_D"]
2025-10-14 20:32:49,345 - INFO - 成功输入文本到元素: xpath: //*[@id="other-East_M"]
2025-10-14 20:32:49,916 - INFO - 成功输入文本到元素: xpath: //*[@id="other-South_D"]
2025-10-14 20:32:50,480 - INFO - 成功输入文本到元素: xpath: //*[@id="other-South_M"]
2025-10-14 20:32:51,041 - INFO - 成功点击元素: xpath: //*[@id="other-GISWebLocation"]/input
2025-10-14 20:32:51,096 - INFO - 成功点击元素: xpath: //*[@id="btn-space-area-confirm"]
2025-10-14 20:32:51,096 - INFO - 选择空间范围完成
2025-10-14 20:32:51,096 - INFO - 开始提交订单
2025-10-14 20:32:53,138 - INFO - 成功点击元素: xpath: //*[@id="btn-search"]
2025-10-14 20:32:56,200 - INFO - 成功点击元素: xpath: //*[@id="menuProNames"]
2025-10-14 20:32:56,259 - INFO - 成功点击元素: xpath: //*[@id="fileListHead"]/th[3]/div/ul/li[3]/a/input
2025-10-14 20:32:56,297 - INFO - 成功点击元素: xpath: //*[@id="searchId"]
2025-10-14 20:32:57,367 - INFO - 成功点击元素: xpath: /html/body/div[9]/div/div[2]/div/div[2]/div[2]/div/table/tbody/tr[2]/td[1]/input
2025-10-14 20:33:00,497 - INFO - 成功点击元素: xpath: //*[@id="commitEdit"]
2025-10-14 20:33:00,661 - INFO - 成功点击元素: xpath: //*[@id="chkIsSendMail"]
2025-10-14 20:33:01,700 - INFO - 成功点击元素: xpath: /html/body/div[4]/div/div[3]/div[2]/div[2]/div[4]/button
2025-10-14 20:33:02,715 - INFO - 订单提交完成
2025-10-14 20:33:02,715 - INFO - 查看订单
2025-10-14 20:33:02,991 - INFO - 成功点击元素: xpath: //*[@id="submit-order"]/div[2]/div/div[3]/button[1]
2025-10-14 20:33:02,991 - INFO - 下载操作完成
2025-10-14 20:33:02,991 - INFO - 所有操作完成
2025-10-14 20:33:02,991 - INFO - ===== 订单提交程序结束 =====
2025-10-20 21:06:36,588 - INFO - === 日志系统初始化 ===
2025-10-20 21:06:36,588 - INFO - 日志文件路径: D:\Pycharmcode\test\submit_order.log
2025-10-20 21:06:36,588 - INFO - 当前工作目录: D:\Pycharmcode\test
2025-10-20 21:06:36,588 - INFO - ===== 订单提交程序启动 =====
2025-10-20 21:06:37,973 - INFO - 浏览器初始化成功
2025-10-20 21:06:37,973 - INFO - 打开网站: https://satellite.nsmc.org.cn/DataPortal/cn/home/index.html
2025-10-20 21:07:56,540 - INFO - 开始登录流程
2025-10-20 21:08:03,017 - INFO - 成功点击元素: xpath: //*[@id="common-login"]
2025-10-20 21:08:04,104 - INFO - 成功输入文本到元素: xpath: //*[@id="inputUserNameCN"]
2025-10-20 21:08:04,190 - INFO - 成功输入文本到元素: xpath: //*[@id="inputPasswordCN"]
2025-10-20 21:08:04,808 - INFO - 识别到验证码: hcc4
2025-10-20 21:08:04,897 - INFO - 成功输入文本到元素: xpath: //*[@id="inputValidateCodeCN"]
2025-10-20 21:08:04,948 - INFO - 成功点击元素: xpath: //*[@id="logincn"]/div[2]/div/div/div[2]/div[2]/div[6]/button
2025-10-20 21:08:07,950 - INFO - 验证登录结果：尝试查找'风云极轨卫星'元素
2025-10-20 21:08:07,955 - INFO - 成功找到'风云极轨卫星'元素，登录成功
2025-10-20 21:08:07,956 - INFO - 开始选择卫星数据
2025-10-20 21:08:07,991 - INFO - 成功点击元素: xpath: /html/body/div[4]/div[4]/div[1]/div/div[1]/div[1]/ul/li[2]
2025-10-20 21:08:08,174 - INFO - 成功点击元素: xpath: /html/body/div[4]/div[4]/div[1]/div/div[1]/div[3]/ul/li[4]
2025-10-20 21:08:08,234 - INFO - 成功点击元素: xpath: /html/body/div[4]/div[4]/div[1]/div/div[1]/div[4]/ul/li[1]
2025-10-20 21:08:08,800 - INFO - 成功点击元素: xpath: //*[@id="select2-sel-dataType-container"]
2025-10-20 21:08:08,861 - INFO - 成功点击元素: xpath: /html/body/span/span/span[2]/ul/li[1]
2025-10-20 21:08:08,862 - INFO - 卫星数据选择完成
2025-10-20 21:08:08,862 - INFO - 开始选择空间范围
2025-10-20 21:08:08,908 - INFO - 成功点击元素: xpath: //*[@id="txt-spaceArea"]
2025-10-20 21:08:09,480 - INFO - 成功输入文本到元素: xpath: //*[@id="other-North_D"]
2025-10-20 21:08:10,027 - INFO - 成功输入文本到元素: xpath: //*[@id="other-North_M"]
2025-10-20 21:08:10,579 - INFO - 成功输入文本到元素: xpath: //*[@id="other-West_D"]
2025-10-20 21:08:11,136 - INFO - 成功输入文本到元素: xpath: //*[@id="other-West_M"]
2025-10-20 21:08:11,688 - INFO - 成功输入文本到元素: xpath: //*[@id="other-East_D"]
2025-10-20 21:08:12,250 - INFO - 成功输入文本到元素: xpath: //*[@id="other-East_M"]
2025-10-20 21:08:12,791 - INFO - 成功输入文本到元素: xpath: //*[@id="other-South_D"]
2025-10-20 21:08:13,344 - INFO - 成功输入文本到元素: xpath: //*[@id="other-South_M"]
2025-10-20 21:08:13,901 - INFO - 成功点击元素: xpath: //*[@id="other-GISWebLocation"]/input
2025-10-20 21:08:13,936 - INFO - 成功点击元素: xpath: //*[@id="btn-space-area-confirm"]
2025-10-20 21:08:13,936 - INFO - 选择空间范围完成
2025-10-20 21:08:13,936 - INFO - 开始提交订单
2025-10-20 21:08:15,979 - INFO - 成功点击元素: xpath: //*[@id="btn-search"]
2025-10-20 21:08:29,332 - WARNING - 点击元素失败，重试 1/3 - xpath: //*[@id="menuProNames"]
2025-10-20 21:08:40,583 - WARNING - 点击元素失败，重试 2/3 - xpath: //*[@id="menuProNames"]
2025-10-20 21:08:51,909 - WARNING - 点击元素失败，重试 3/3 - xpath: //*[@id="menuProNames"]
2025-10-20 21:09:03,179 - ERROR - 多次尝试后仍无法点击元素: xpath: //*[@id="menuProNames"]
2025-10-20 21:09:03,180 - ERROR - Traceback (most recent call last):
  File "D:\Pycharmcode\test\submit_order.py", line 120, in safe_click_element
    element = self.wait.until(EC.element_to_be_clickable((by, value)))
  File "C:\Users\Lenovo\.conda\envs\pachong3.8\lib\site-packages\selenium\webdriver\support\wait.py", line 105, in until
    raise TimeoutException(message, screen, stacktrace)
selenium.common.exceptions.TimeoutException: Message: 


During handling of the above exception, another exception occurred:

Traceback (most recent call last):
  File "D:\Pycharmcode\test\submit_order.py", line 120, in safe_click_element
    element = self.wait.until(EC.element_to_be_clickable((by, value)))
  File "C:\Users\Lenovo\.conda\envs\pachong3.8\lib\site-packages\selenium\webdriver\support\wait.py", line 105, in until
    raise TimeoutException(message, screen, stacktrace)
selenium.common.exceptions.TimeoutException: Message: 


During handling of the above exception, another exception occurred:

Traceback (most recent call last):
  File "D:\Pycharmcode\test\submit_order.py", line 120, in safe_click_element
    element = self.wait.until(EC.element_to_be_clickable((by, value)))
  File "C:\Users\Lenovo\.conda\envs\pachong3.8\lib\site-packages\selenium\webdriver\support\wait.py", line 105, in until
    raise TimeoutException(message, screen, stacktrace)
selenium.common.exceptions.TimeoutException: Message: 


During handling of the above exception, another exception occurred:

Traceback (most recent call last):
  File "D:\Pycharmcode\test\submit_order.py", line 120, in safe_click_element
    element = self.wait.until(EC.element_to_be_clickable((by, value)))
  File "C:\Users\Lenovo\.conda\envs\pachong3.8\lib\site-packages\selenium\webdriver\support\wait.py", line 105, in until
    raise TimeoutException(message, screen, stacktrace)
selenium.common.exceptions.TimeoutException: Message: 


2025-10-20 21:09:03,180 - ERROR - 提交订单失败，程序退出
2025-10-20 21:09:03,180 - INFO - ===== 订单提交程序结束 =====
2025-10-20 21:09:32,970 - INFO - === 日志系统初始化 ===
2025-10-20 21:09:32,970 - INFO - 日志文件路径: D:\Pycharmcode\test\submit_order.log
2025-10-20 21:09:32,970 - INFO - 当前工作目录: D:\Pycharmcode\test
2025-10-20 21:09:32,970 - INFO - ===== 订单提交程序启动 =====
2025-10-20 21:09:34,270 - INFO - 浏览器初始化成功
2025-10-20 21:09:34,271 - INFO - 打开网站: https://satellite.nsmc.org.cn/DataPortal/cn/home/index.html
2025-10-20 21:11:27,742 - INFO - 开始登录流程
2025-10-20 21:11:32,528 - INFO - 成功点击元素: xpath: //*[@id="common-login"]
2025-10-20 21:11:33,587 - INFO - 成功输入文本到元素: xpath: //*[@id="inputUserNameCN"]
2025-10-20 21:11:33,641 - INFO - 成功输入文本到元素: xpath: //*[@id="inputPasswordCN"]
2025-10-20 21:11:34,212 - INFO - 识别到验证码: Ikyr
2025-10-20 21:11:34,326 - INFO - 成功输入文本到元素: xpath: //*[@id="inputValidateCodeCN"]
2025-10-20 21:11:34,368 - INFO - 成功点击元素: xpath: //*[@id="logincn"]/div[2]/div/div/div[2]/div[2]/div[6]/button
2025-10-20 21:11:37,381 - INFO - 验证登录结果：尝试查找'风云极轨卫星'元素
2025-10-20 21:11:47,428 - WARNING - 查找元素失败，重试 1/3 - xpath: /html/body/div[4]/div[4]/div[1]/div/div[1]/div[1]/ul/li[2]
2025-10-20 21:11:58,452 - WARNING - 查找元素失败，重试 2/3 - xpath: /html/body/div[4]/div[4]/div[1]/div/div[1]/div[1]/ul/li[2]
2025-10-20 21:12:09,483 - WARNING - 查找元素失败，重试 3/3 - xpath: /html/body/div[4]/div[4]/div[1]/div/div[1]/div[1]/ul/li[2]
2025-10-20 21:12:20,541 - ERROR - 多次尝试后仍无法找到元素: xpath: /html/body/div[4]/div[4]/div[1]/div/div[1]/div[1]/ul/li[2]
2025-10-20 21:12:20,541 - ERROR - Traceback (most recent call last):
  File "D:\Pycharmcode\test\submit_order.py", line 107, in safe_find_element
    return self.wait.until(EC.presence_of_element_located((by, value)))  # 使用创建的显式等待对象 self.wait等待元素「出现」
  File "C:\Users\Lenovo\.conda\envs\pachong3.8\lib\site-packages\selenium\webdriver\support\wait.py", line 105, in until
    raise TimeoutException(message, screen, stacktrace)
selenium.common.exceptions.TimeoutException: Message: 
Stacktrace:
	GetHandleVerifier [0x0x7ff639051eb5+80197]
	GetHandleVerifier [0x0x7ff639051f10+80288]
	(No symbol) [0x0x7ff638dd02fa]
	(No symbol) [0x0x7ff638e27cd7]
	(No symbol) [0x0x7ff638e27f9c]
	(No symbol) [0x0x7ff638e7ba87]
	(No symbol) [0x0x7ff638e503bf]
	(No symbol) [0x0x7ff638e787fb]
	(No symbol) [0x0x7ff638e50153]
	(No symbol) [0x0x7ff638e18b02]
	(No symbol) [0x0x7ff638e198d3]
	GetHandleVerifier [0x0x7ff63930e83d+2949837]
	GetHandleVerifier [0x0x7ff639308c6a+2926330]
	GetHandleVerifier [0x0x7ff6393286c7+3055959]
	GetHandleVerifier [0x0x7ff63906cfee+191102]
	GetHandleVerifier [0x0x7ff6390750af+224063]
	GetHandleVerifier [0x0x7ff63905af64+117236]
	GetHandleVerifier [0x0x7ff63905b119+117673]
	GetHandleVerifier [0x0x7ff6390410a8+11064]
	BaseThreadInitThunk [0x0x7ffc8e55e8d7+23]
	RtlUserThreadStart [0x0x7ffc9064c53c+44]


During handling of the above exception, another exception occurred:

Traceback (most recent call last):
  File "D:\Pycharmcode\test\submit_order.py", line 107, in safe_find_element
    return self.wait.until(EC.presence_of_element_located((by, value)))  # 使用创建的显式等待对象 self.wait等待元素「出现」
  File "C:\Users\Lenovo\.conda\envs\pachong3.8\lib\site-packages\selenium\webdriver\support\wait.py", line 105, in until
    raise TimeoutException(message, screen, stacktrace)
selenium.common.exceptions.TimeoutException: Message: 
Stacktrace:
	GetHandleVerifier [0x0x7ff639051eb5+80197]
	GetHandleVerifier [0x0x7ff639051f10+80288]
	(No symbol) [0x0x7ff638dd02fa]
	(No symbol) [0x0x7ff638e27cd7]
	(No symbol) [0x0x7ff638e27f9c]
	(No symbol) [0x0x7ff638e7ba87]
	(No symbol) [0x0x7ff638e503bf]
	(No symbol) [0x0x7ff638e787fb]
	(No symbol) [0x0x7ff638e50153]
	(No symbol) [0x0x7ff638e18b02]
	(No symbol) [0x0x7ff638e198d3]
	GetHandleVerifier [0x0x7ff63930e83d+2949837]
	GetHandleVerifier [0x0x7ff639308c6a+2926330]
	GetHandleVerifier [0x0x7ff6393286c7+3055959]
	GetHandleVerifier [0x0x7ff63906cfee+191102]
	GetHandleVerifier [0x0x7ff6390750af+224063]
	GetHandleVerifier [0x0x7ff63905af64+117236]
	GetHandleVerifier [0x0x7ff63905b119+117673]
	GetHandleVerifier [0x0x7ff6390410a8+11064]
	BaseThreadInitThunk [0x0x7ffc8e55e8d7+23]
	RtlUserThreadStart [0x0x7ffc9064c53c+44]


During handling of the above exception, another exception occurred:

Traceback (most recent call last):
  File "D:\Pycharmcode\test\submit_order.py", line 107, in safe_find_element
    return self.wait.until(EC.presence_of_element_located((by, value)))  # 使用创建的显式等待对象 self.wait等待元素「出现」
  File "C:\Users\Lenovo\.conda\envs\pachong3.8\lib\site-packages\selenium\webdriver\support\wait.py", line 105, in until
    raise TimeoutException(message, screen, stacktrace)
selenium.common.exceptions.TimeoutException: Message: 
Stacktrace:
	GetHandleVerifier [0x0x7ff639051eb5+80197]
	GetHandleVerifier [0x0x7ff639051f10+80288]
	(No symbol) [0x0x7ff638dd02fa]
	(No symbol) [0x0x7ff638e27cd7]
	(No symbol) [0x0x7ff638e27f9c]
	(No symbol) [0x0x7ff638e7ba87]
	(No symbol) [0x0x7ff638e503bf]
	(No symbol) [0x0x7ff638e787fb]
	(No symbol) [0x0x7ff638e50153]
	(No symbol) [0x0x7ff638e18b02]
	(No symbol) [0x0x7ff638e198d3]
	GetHandleVerifier [0x0x7ff63930e83d+2949837]
	GetHandleVerifier [0x0x7ff639308c6a+2926330]
	GetHandleVerifier [0x0x7ff6393286c7+3055959]
	GetHandleVerifier [0x0x7ff63906cfee+191102]
	GetHandleVerifier [0x0x7ff6390750af+224063]
	GetHandleVerifier [0x0x7ff63905af64+117236]
	GetHandleVerifier [0x0x7ff63905b119+117673]
	GetHandleVerifier [0x0x7ff6390410a8+11064]
	BaseThreadInitThunk [0x0x7ffc8e55e8d7+23]
	RtlUserThreadStart [0x0x7ffc9064c53c+44]


During handling of the above exception, another exception occurred:

Traceback (most recent call last):
  File "D:\Pycharmcode\test\submit_order.py", line 107, in safe_find_element
    return self.wait.until(EC.presence_of_element_located((by, value)))  # 使用创建的显式等待对象 self.wait等待元素「出现」
  File "C:\Users\Lenovo\.conda\envs\pachong3.8\lib\site-packages\selenium\webdriver\support\wait.py", line 105, in until
    raise TimeoutException(message, screen, stacktrace)
selenium.common.exceptions.TimeoutException: Message: 
Stacktrace:
	GetHandleVerifier [0x0x7ff639051eb5+80197]
	GetHandleVerifier [0x0x7ff639051f10+80288]
	(No symbol) [0x0x7ff638dd02fa]
	(No symbol) [0x0x7ff638e27cd7]
	(No symbol) [0x0x7ff638e27f9c]
	(No symbol) [0x0x7ff638e7ba87]
	(No symbol) [0x0x7ff638e503bf]
	(No symbol) [0x0x7ff638e787fb]
	(No symbol) [0x0x7ff638e50153]
	(No symbol) [0x0x7ff638e18b02]
	(No symbol) [0x0x7ff638e198d3]
	GetHandleVerifier [0x0x7ff63930e83d+2949837]
	GetHandleVerifier [0x0x7ff639308c6a+2926330]
	GetHandleVerifier [0x0x7ff6393286c7+3055959]
	GetHandleVerifier [0x0x7ff63906cfee+191102]
	GetHandleVerifier [0x0x7ff6390750af+224063]
	GetHandleVerifier [0x0x7ff63905af64+117236]
	GetHandleVerifier [0x0x7ff63905b119+117673]
	GetHandleVerifier [0x0x7ff6390410a8+11064]
	BaseThreadInitThunk [0x0x7ffc8e55e8d7+23]
	RtlUserThreadStart [0x0x7ffc9064c53c+44]


2025-10-20 21:12:20,546 - WARNING - 登录失败（未找到'风云极轨卫星'元素，可能是因为验证码输入错误，未成功登录），刷新验证码重试 2/3
2025-10-20 21:12:22,193 - INFO - 识别到验证码: 45ts
2025-10-20 21:12:22,300 - INFO - 成功输入文本到元素: xpath: //*[@id="inputValidateCodeCN"]
2025-10-20 21:12:22,336 - INFO - 成功点击元素: xpath: //*[@id="logincn"]/div[2]/div/div/div[2]/div[2]/div[6]/button
2025-10-20 21:12:25,338 - INFO - 验证登录结果：尝试查找'风云极轨卫星'元素
2025-10-20 21:13:07,047 - INFO - 成功找到'风云极轨卫星'元素，登录成功
2025-10-20 21:13:07,048 - INFO - 开始选择卫星数据
2025-10-20 21:13:07,087 - INFO - 成功点击元素: xpath: /html/body/div[4]/div[4]/div[1]/div/div[1]/div[1]/ul/li[2]
2025-10-20 21:13:07,126 - INFO - 成功点击元素: xpath: /html/body/div[4]/div[4]/div[1]/div/div[1]/div[3]/ul/li[4]
2025-10-20 21:13:07,167 - INFO - 成功点击元素: xpath: /html/body/div[4]/div[4]/div[1]/div/div[1]/div[4]/ul/li[1]
2025-10-20 21:13:07,210 - INFO - 成功点击元素: xpath: //*[@id="select2-sel-dataType-container"]
2025-10-20 21:13:07,247 - INFO - 成功点击元素: xpath: /html/body/span/span/span[2]/ul/li[1]
2025-10-20 21:13:07,248 - INFO - 卫星数据选择完成
2025-10-20 21:13:07,248 - INFO - 开始选择空间范围
2025-10-20 21:13:07,291 - INFO - 成功点击元素: xpath: //*[@id="txt-spaceArea"]
2025-10-20 21:13:08,363 - INFO - 成功输入文本到元素: xpath: //*[@id="other-North_D"]
2025-10-20 21:13:08,912 - INFO - 成功输入文本到元素: xpath: //*[@id="other-North_M"]
2025-10-20 21:13:09,463 - INFO - 成功输入文本到元素: xpath: //*[@id="other-West_D"]
2025-10-20 21:13:10,020 - INFO - 成功输入文本到元素: xpath: //*[@id="other-West_M"]
2025-10-20 21:13:10,562 - INFO - 成功输入文本到元素: xpath: //*[@id="other-East_D"]
2025-10-20 21:13:11,104 - INFO - 成功输入文本到元素: xpath: //*[@id="other-East_M"]
2025-10-20 21:13:11,654 - INFO - 成功输入文本到元素: xpath: //*[@id="other-South_D"]
2025-10-20 21:13:12,206 - INFO - 成功输入文本到元素: xpath: //*[@id="other-South_M"]
2025-10-20 21:13:12,758 - INFO - 成功点击元素: xpath: //*[@id="other-GISWebLocation"]/input
2025-10-20 21:13:12,794 - INFO - 成功点击元素: xpath: //*[@id="btn-space-area-confirm"]
2025-10-20 21:13:12,794 - INFO - 选择空间范围完成
2025-10-20 21:13:12,794 - INFO - 开始提交订单
2025-10-20 21:13:14,834 - INFO - 成功点击元素: xpath: //*[@id="btn-search"]
2025-10-20 21:13:19,928 - INFO - 成功点击元素: xpath: //*[@id="menuProNames"]
2025-10-20 21:13:19,971 - INFO - 成功点击元素: xpath: //*[@id="fileListHead"]/th[3]/div/ul/li[3]/a/input
2025-10-20 21:13:20,018 - INFO - 成功点击元素: xpath: //*[@id="searchId"]
2025-10-20 21:13:31,089 - WARNING - 点击元素失败，重试 1/3 - xpath: /html/body/div[9]/div/div[2]/div/div[2]/div[2]/div/table/tbody/tr[2]/td[1]/input
2025-10-20 21:13:51,188 - WARNING - 点击元素失败，重试 2/3 - xpath: /html/body/div[9]/div/div[2]/div/div[2]/div[2]/div/table/tbody/tr[2]/td[1]/input
2025-10-20 21:14:11,256 - WARNING - 点击元素失败，重试 3/3 - xpath: /html/body/div[9]/div/div[2]/div/div[2]/div[2]/div/table/tbody/tr[2]/td[1]/input
2025-10-20 21:14:31,330 - ERROR - 多次尝试后仍无法点击元素: xpath: /html/body/div[9]/div/div[2]/div/div[2]/div[2]/div/table/tbody/tr[2]/td[1]/input
2025-10-20 21:14:31,330 - ERROR - Traceback (most recent call last):
  File "D:\Pycharmcode\test\submit_order.py", line 120, in safe_click_element
    element = self.wait.until(EC.element_to_be_clickable((by, value)))
  File "C:\Users\Lenovo\.conda\envs\pachong3.8\lib\site-packages\selenium\webdriver\support\wait.py", line 105, in until
    raise TimeoutException(message, screen, stacktrace)
selenium.common.exceptions.TimeoutException: Message: 
Stacktrace:
	GetHandleVerifier [0x0x7ff639051eb5+80197]
	GetHandleVerifier [0x0x7ff639051f10+80288]
	(No symbol) [0x0x7ff638dd02fa]
	(No symbol) [0x0x7ff638e27cd7]
	(No symbol) [0x0x7ff638e27f9c]
	(No symbol) [0x0x7ff638e7ba87]
	(No symbol) [0x0x7ff638e503bf]
	(No symbol) [0x0x7ff638e787fb]
	(No symbol) [0x0x7ff638e50153]
	(No symbol) [0x0x7ff638e18b02]
	(No symbol) [0x0x7ff638e198d3]
	GetHandleVerifier [0x0x7ff63930e83d+2949837]
	GetHandleVerifier [0x0x7ff639308c6a+2926330]
	GetHandleVerifier [0x0x7ff6393286c7+3055959]
	GetHandleVerifier [0x0x7ff63906cfee+191102]
	GetHandleVerifier [0x0x7ff6390750af+224063]
	GetHandleVerifier [0x0x7ff63905af64+117236]
	GetHandleVerifier [0x0x7ff63905b119+117673]
	GetHandleVerifier [0x0x7ff6390410a8+11064]
	BaseThreadInitThunk [0x0x7ffc8e55e8d7+23]
	RtlUserThreadStart [0x0x7ffc9064c53c+44]


During handling of the above exception, another exception occurred:

Traceback (most recent call last):
  File "D:\Pycharmcode\test\submit_order.py", line 120, in safe_click_element
    element = self.wait.until(EC.element_to_be_clickable((by, value)))
  File "C:\Users\Lenovo\.conda\envs\pachong3.8\lib\site-packages\selenium\webdriver\support\wait.py", line 105, in until
    raise TimeoutException(message, screen, stacktrace)
selenium.common.exceptions.TimeoutException: Message: 
Stacktrace:
	GetHandleVerifier [0x0x7ff639051eb5+80197]
	GetHandleVerifier [0x0x7ff639051f10+80288]
	(No symbol) [0x0x7ff638dd02fa]
	(No symbol) [0x0x7ff638e27cd7]
	(No symbol) [0x0x7ff638e27f9c]
	(No symbol) [0x0x7ff638e7ba87]
	(No symbol) [0x0x7ff638e503bf]
	(No symbol) [0x0x7ff638e787fb]
	(No symbol) [0x0x7ff638e50153]
	(No symbol) [0x0x7ff638e18b02]
	(No symbol) [0x0x7ff638e198d3]
	GetHandleVerifier [0x0x7ff63930e83d+2949837]
	GetHandleVerifier [0x0x7ff639308c6a+2926330]
	GetHandleVerifier [0x0x7ff6393286c7+3055959]
	GetHandleVerifier [0x0x7ff63906cfee+191102]
	GetHandleVerifier [0x0x7ff6390750af+224063]
	GetHandleVerifier [0x0x7ff63905af64+117236]
	GetHandleVerifier [0x0x7ff63905b119+117673]
	GetHandleVerifier [0x0x7ff6390410a8+11064]
	BaseThreadInitThunk [0x0x7ffc8e55e8d7+23]
	RtlUserThreadStart [0x0x7ffc9064c53c+44]


During handling of the above exception, another exception occurred:

Traceback (most recent call last):
  File "D:\Pycharmcode\test\submit_order.py", line 120, in safe_click_element
    element = self.wait.until(EC.element_to_be_clickable((by, value)))
  File "C:\Users\Lenovo\.conda\envs\pachong3.8\lib\site-packages\selenium\webdriver\support\wait.py", line 105, in until
    raise TimeoutException(message, screen, stacktrace)
selenium.common.exceptions.TimeoutException: Message: 
Stacktrace:
	GetHandleVerifier [0x0x7ff639051eb5+80197]
	GetHandleVerifier [0x0x7ff639051f10+80288]
	(No symbol) [0x0x7ff638dd02fa]
	(No symbol) [0x0x7ff638e27cd7]
	(No symbol) [0x0x7ff638e27f9c]
	(No symbol) [0x0x7ff638e7ba87]
	(No symbol) [0x0x7ff638e503bf]
	(No symbol) [0x0x7ff638e787fb]
	(No symbol) [0x0x7ff638e50153]
	(No symbol) [0x0x7ff638e18b02]
	(No symbol) [0x0x7ff638e198d3]
	GetHandleVerifier [0x0x7ff63930e83d+2949837]
	GetHandleVerifier [0x0x7ff639308c6a+2926330]
	GetHandleVerifier [0x0x7ff6393286c7+3055959]
	GetHandleVerifier [0x0x7ff63906cfee+191102]
	GetHandleVerifier [0x0x7ff6390750af+224063]
	GetHandleVerifier [0x0x7ff63905af64+117236]
	GetHandleVerifier [0x0x7ff63905b119+117673]
	GetHandleVerifier [0x0x7ff6390410a8+11064]
	BaseThreadInitThunk [0x0x7ffc8e55e8d7+23]
	RtlUserThreadStart [0x0x7ffc9064c53c+44]


During handling of the above exception, another exception occurred:

Traceback (most recent call last):
  File "D:\Pycharmcode\test\submit_order.py", line 120, in safe_click_element
    element = self.wait.until(EC.element_to_be_clickable((by, value)))
  File "C:\Users\Lenovo\.conda\envs\pachong3.8\lib\site-packages\selenium\webdriver\support\wait.py", line 105, in until
    raise TimeoutException(message, screen, stacktrace)
selenium.common.exceptions.TimeoutException: Message: 
Stacktrace:
	GetHandleVerifier [0x0x7ff639051eb5+80197]
	GetHandleVerifier [0x0x7ff639051f10+80288]
	(No symbol) [0x0x7ff638dd02fa]
	(No symbol) [0x0x7ff638e27cd7]
	(No symbol) [0x0x7ff638e27f9c]
	(No symbol) [0x0x7ff638e7ba87]
	(No symbol) [0x0x7ff638e503bf]
	(No symbol) [0x0x7ff638e787fb]
	(No symbol) [0x0x7ff638e50153]
	(No symbol) [0x0x7ff638e18b02]
	(No symbol) [0x0x7ff638e198d3]
	GetHandleVerifier [0x0x7ff63930e83d+2949837]
	GetHandleVerifier [0x0x7ff639308c6a+2926330]
	GetHandleVerifier [0x0x7ff6393286c7+3055959]
	GetHandleVerifier [0x0x7ff63906cfee+191102]
	GetHandleVerifier [0x0x7ff6390750af+224063]
	GetHandleVerifier [0x0x7ff63905af64+117236]
	GetHandleVerifier [0x0x7ff63905b119+117673]
	GetHandleVerifier [0x0x7ff6390410a8+11064]
	BaseThreadInitThunk [0x0x7ffc8e55e8d7+23]
	RtlUserThreadStart [0x0x7ffc9064c53c+44]


2025-10-20 21:14:31,334 - ERROR - 提交订单失败，程序退出
2025-10-20 21:14:31,334 - INFO - ===== 订单提交程序结束 =====
2025-10-20 21:15:13,452 - INFO - === 日志系统初始化 ===
2025-10-20 21:15:13,452 - INFO - 日志文件路径: D:\Pycharmcode\test\submit_order.log
2025-10-20 21:15:13,452 - INFO - 当前工作目录: D:\Pycharmcode\test
2025-10-20 21:15:13,452 - INFO - ===== 订单提交程序启动 =====
2025-10-20 21:15:14,747 - INFO - 浏览器初始化成功
2025-10-20 21:15:14,747 - INFO - 打开网站: https://satellite.nsmc.org.cn/DataPortal/cn/home/index.html
2025-10-20 21:16:15,814 - INFO - 开始登录流程
2025-10-20 21:16:18,074 - INFO - 成功点击元素: xpath: //*[@id="common-login"]
2025-10-20 21:16:19,150 - INFO - 成功输入文本到元素: xpath: //*[@id="inputUserNameCN"]
2025-10-20 21:16:19,210 - INFO - 成功输入文本到元素: xpath: //*[@id="inputPasswordCN"]
2025-10-20 21:16:19,789 - INFO - 识别到验证码: TGnj
2025-10-20 21:16:19,915 - INFO - 成功输入文本到元素: xpath: //*[@id="inputValidateCodeCN"]
2025-10-20 21:16:19,962 - INFO - 成功点击元素: xpath: //*[@id="logincn"]/div[2]/div/div/div[2]/div[2]/div[6]/button
2025-10-20 21:16:22,972 - INFO - 验证登录结果：尝试查找'风云极轨卫星'元素
2025-10-20 21:17:14,987 - INFO - 成功找到'风云极轨卫星'元素，登录成功
2025-10-20 21:17:14,987 - INFO - 开始选择卫星数据
2025-10-20 21:17:15,020 - INFO - 成功点击元素: xpath: /html/body/div[4]/div[4]/div[1]/div/div[1]/div[1]/ul/li[2]
2025-10-20 21:17:15,058 - INFO - 成功点击元素: xpath: /html/body/div[4]/div[4]/div[1]/div/div[1]/div[3]/ul/li[4]
2025-10-20 21:17:15,103 - INFO - 成功点击元素: xpath: /html/body/div[4]/div[4]/div[1]/div/div[1]/div[4]/ul/li[1]
2025-10-20 21:17:15,144 - INFO - 成功点击元素: xpath: //*[@id="select2-sel-dataType-container"]
2025-10-20 21:17:15,209 - INFO - 成功点击元素: xpath: /html/body/span/span/span[2]/ul/li[1]
2025-10-20 21:17:15,209 - INFO - 卫星数据选择完成
2025-10-20 21:17:15,209 - INFO - 开始选择空间范围
2025-10-20 21:17:15,262 - INFO - 成功点击元素: xpath: //*[@id="txt-spaceArea"]
2025-10-20 21:17:15,831 - INFO - 成功输入文本到元素: xpath: //*[@id="other-North_D"]
2025-10-20 21:17:16,381 - INFO - 成功输入文本到元素: xpath: //*[@id="other-North_M"]
2025-10-20 21:17:16,926 - INFO - 成功输入文本到元素: xpath: //*[@id="other-West_D"]
2025-10-20 21:17:17,494 - INFO - 成功输入文本到元素: xpath: //*[@id="other-West_M"]
2025-10-20 21:17:18,046 - INFO - 成功输入文本到元素: xpath: //*[@id="other-East_D"]
2025-10-20 21:17:18,604 - INFO - 成功输入文本到元素: xpath: //*[@id="other-East_M"]
2025-10-20 21:17:19,175 - INFO - 成功输入文本到元素: xpath: //*[@id="other-South_D"]
2025-10-20 21:17:19,719 - INFO - 成功输入文本到元素: xpath: //*[@id="other-South_M"]
2025-10-20 21:17:20,275 - INFO - 成功点击元素: xpath: //*[@id="other-GISWebLocation"]/input
2025-10-20 21:17:20,319 - INFO - 成功点击元素: xpath: //*[@id="btn-space-area-confirm"]
2025-10-20 21:17:20,319 - INFO - 选择空间范围完成
2025-10-20 21:17:20,319 - INFO - 开始提交订单
2025-10-20 21:17:22,367 - INFO - 成功点击元素: xpath: //*[@id="btn-search"]
2025-10-20 21:17:35,634 - WARNING - 点击元素失败，重试 1/3 - xpath: //*[@id="menuProNames"]
2025-10-20 21:17:38,764 - INFO - 成功点击元素: xpath: //*[@id="menuProNames"]
2025-10-20 21:17:38,803 - INFO - 成功点击元素: xpath: //*[@id="fileListHead"]/th[3]/div/ul/li[3]/a/input
2025-10-20 21:17:38,852 - INFO - 成功点击元素: xpath: //*[@id="searchId"]
2025-10-20 21:17:49,914 - WARNING - 点击元素失败，重试 1/3 - xpath: /html/body/div[9]/div/div[2]/div/div[2]/div[2]/div/table/tbody/tr[2]/td[1]/input
2025-10-20 21:18:20,468 - WARNING - 点击元素失败，重试 2/3 - xpath: /html/body/div[9]/div/div[2]/div/div[2]/div[2]/div/table/tbody/tr[2]/td[1]/input
2025-10-20 21:18:51,356 - ERROR - 程序运行出错: Message: no such window: target window already closed
from unknown error: web view not found
  (Session info: chrome=140.0.7339.81)
Stacktrace:
	GetHandleVerifier [0x0x7ff639051eb5+80197]
	GetHandleVerifier [0x0x7ff639051f10+80288]
	(No symbol) [0x0x7ff638dd02fa]
	(No symbol) [0x0x7ff638da82a1]
	(No symbol) [0x0x7ff638e5799e]
	(No symbol) [0x0x7ff638e78132]
	(No symbol) [0x0x7ff638e50153]
	(No symbol) [0x0x7ff638e18b02]
	(No symbol) [0x0x7ff638e198d3]
	GetHandleVerifier [0x0x7ff63930e83d+2949837]
	GetHandleVerifier [0x0x7ff639308c6a+2926330]
	GetHandleVerifier [0x0x7ff6393286c7+3055959]
	GetHandleVerifier [0x0x7ff63906cfee+191102]
	GetHandleVerifier [0x0x7ff6390750af+224063]
	GetHandleVerifier [0x0x7ff63905af64+117236]
	GetHandleVerifier [0x0x7ff63905b119+117673]
	GetHandleVerifier [0x0x7ff6390410a8+11064]
	BaseThreadInitThunk [0x0x7ffc8e55e8d7+23]
	RtlUserThreadStart [0x0x7ffc9064c53c+44]

2025-10-20 21:18:51,358 - ERROR - Traceback (most recent call last):
  File "D:\Pycharmcode\test\submit_order.py", line 120, in safe_click_element
    element = self.wait.until(EC.element_to_be_clickable((by, value)))
  File "C:\Users\Lenovo\.conda\envs\pachong3.8\lib\site-packages\selenium\webdriver\support\wait.py", line 105, in until
    raise TimeoutException(message, screen, stacktrace)
selenium.common.exceptions.TimeoutException: Message: 
Stacktrace:
	GetHandleVerifier [0x0x7ff639051eb5+80197]
	GetHandleVerifier [0x0x7ff639051f10+80288]
	(No symbol) [0x0x7ff638dd02fa]
	(No symbol) [0x0x7ff638e27cd7]
	(No symbol) [0x0x7ff638e27f9c]
	(No symbol) [0x0x7ff638e7ba87]
	(No symbol) [0x0x7ff638e503bf]
	(No symbol) [0x0x7ff638e787fb]
	(No symbol) [0x0x7ff638e50153]
	(No symbol) [0x0x7ff638e18b02]
	(No symbol) [0x0x7ff638e198d3]
	GetHandleVerifier [0x0x7ff63930e83d+2949837]
	GetHandleVerifier [0x0x7ff639308c6a+2926330]
	GetHandleVerifier [0x0x7ff6393286c7+3055959]
	GetHandleVerifier [0x0x7ff63906cfee+191102]
	GetHandleVerifier [0x0x7ff6390750af+224063]
	GetHandleVerifier [0x0x7ff63905af64+117236]
	GetHandleVerifier [0x0x7ff63905b119+117673]
	GetHandleVerifier [0x0x7ff6390410a8+11064]
	BaseThreadInitThunk [0x0x7ffc8e55e8d7+23]
	RtlUserThreadStart [0x0x7ffc9064c53c+44]


During handling of the above exception, another exception occurred:

Traceback (most recent call last):
  File "D:\Pycharmcode\test\submit_order.py", line 120, in safe_click_element
    element = self.wait.until(EC.element_to_be_clickable((by, value)))
  File "C:\Users\Lenovo\.conda\envs\pachong3.8\lib\site-packages\selenium\webdriver\support\wait.py", line 105, in until
    raise TimeoutException(message, screen, stacktrace)
selenium.common.exceptions.TimeoutException: Message: 
Stacktrace:
	GetHandleVerifier [0x0x7ff639051eb5+80197]
	GetHandleVerifier [0x0x7ff639051f10+80288]
	(No symbol) [0x0x7ff638dd02fa]
	(No symbol) [0x0x7ff638e27cd7]
	(No symbol) [0x0x7ff638e27f9c]
	(No symbol) [0x0x7ff638e7ba87]
	(No symbol) [0x0x7ff638e503bf]
	(No symbol) [0x0x7ff638e787fb]
	(No symbol) [0x0x7ff638e50153]
	(No symbol) [0x0x7ff638e18b02]
	(No symbol) [0x0x7ff638e198d3]
	GetHandleVerifier [0x0x7ff63930e83d+2949837]
	GetHandleVerifier [0x0x7ff639308c6a+2926330]
	GetHandleVerifier [0x0x7ff6393286c7+3055959]
	GetHandleVerifier [0x0x7ff63906cfee+191102]
	GetHandleVerifier [0x0x7ff6390750af+224063]
	GetHandleVerifier [0x0x7ff63905af64+117236]
	GetHandleVerifier [0x0x7ff63905b119+117673]
	GetHandleVerifier [0x0x7ff6390410a8+11064]
	BaseThreadInitThunk [0x0x7ffc8e55e8d7+23]
	RtlUserThreadStart [0x0x7ffc9064c53c+44]


During handling of the above exception, another exception occurred:

Traceback (most recent call last):
  File "D:\Pycharmcode\test\submit_order.py", line 268, in run
    if not self._submit_order():
  File "D:\Pycharmcode\test\submit_order.py", line 455, in _submit_order
    if not self.browser.safe_click_element(*self.locators['second_data_row']):
  File "D:\Pycharmcode\test\submit_order.py", line 134, in safe_click_element
    return self.safe_click_element(by, value, retry + 1)
  File "D:\Pycharmcode\test\submit_order.py", line 134, in safe_click_element
    return self.safe_click_element(by, value, retry + 1)
  File "D:\Pycharmcode\test\submit_order.py", line 120, in safe_click_element
    element = self.wait.until(EC.element_to_be_clickable((by, value)))
  File "C:\Users\Lenovo\.conda\envs\pachong3.8\lib\site-packages\selenium\webdriver\support\wait.py", line 96, in until
    value = method(self._driver)
  File "C:\Users\Lenovo\.conda\envs\pachong3.8\lib\site-packages\selenium\webdriver\support\expected_conditions.py", line 364, in _predicate
    element = visibility_of(target)(driver)
  File "C:\Users\Lenovo\.conda\envs\pachong3.8\lib\site-packages\selenium\webdriver\support\expected_conditions.py", line 173, in _predicate
    return _element_if_visible(element)
  File "C:\Users\Lenovo\.conda\envs\pachong3.8\lib\site-packages\selenium\webdriver\support\expected_conditions.py", line 179, in _element_if_visible
    return element if element.is_displayed() == visibility else False
  File "C:\Users\Lenovo\.conda\envs\pachong3.8\lib\site-packages\selenium\webdriver\remote\webelement.py", line 252, in is_displayed
    return self.parent.execute_script(f"/* isDisplayed */return ({isDisplayed_js}).apply(null, arguments);", self)
  File "C:\Users\Lenovo\.conda\envs\pachong3.8\lib\site-packages\selenium\webdriver\remote\webdriver.py", line 444, in execute_script
    return self.execute(command, {"script": script, "args": converted_args})["value"]
  File "C:\Users\Lenovo\.conda\envs\pachong3.8\lib\site-packages\selenium\webdriver\remote\webdriver.py", line 384, in execute
    self.error_handler.check_response(response)
  File "C:\Users\Lenovo\.conda\envs\pachong3.8\lib\site-packages\selenium\webdriver\remote\errorhandler.py", line 232, in check_response
    raise exception_class(message, screen, stacktrace)
selenium.common.exceptions.NoSuchWindowException: Message: no such window: target window already closed
from unknown error: web view not found
  (Session info: chrome=140.0.7339.81)
Stacktrace:
	GetHandleVerifier [0x0x7ff639051eb5+80197]
	GetHandleVerifier [0x0x7ff639051f10+80288]
	(No symbol) [0x0x7ff638dd02fa]
	(No symbol) [0x0x7ff638da82a1]
	(No symbol) [0x0x7ff638e5799e]
	(No symbol) [0x0x7ff638e78132]
	(No symbol) [0x0x7ff638e50153]
	(No symbol) [0x0x7ff638e18b02]
	(No symbol) [0x0x7ff638e198d3]
	GetHandleVerifier [0x0x7ff63930e83d+2949837]
	GetHandleVerifier [0x0x7ff639308c6a+2926330]
	GetHandleVerifier [0x0x7ff6393286c7+3055959]
	GetHandleVerifier [0x0x7ff63906cfee+191102]
	GetHandleVerifier [0x0x7ff6390750af+224063]
	GetHandleVerifier [0x0x7ff63905af64+117236]
	GetHandleVerifier [0x0x7ff63905b119+117673]
	GetHandleVerifier [0x0x7ff6390410a8+11064]
	BaseThreadInitThunk [0x0x7ffc8e55e8d7+23]
	RtlUserThreadStart [0x0x7ffc9064c53c+44]


2025-10-20 21:18:51,364 - INFO - ===== 订单提交程序结束 =====
2025-10-21 11:42:17,272 - INFO - === 日志系统初始化 ===
2025-10-21 11:42:17,273 - INFO - 日志文件路径: D:\Pycharmcode\test\submit_order.log
2025-10-21 11:42:17,273 - INFO - 当前工作目录: D:\Pycharmcode\test
2025-10-21 11:42:17,273 - INFO - ===== 订单提交程序启动 =====
2025-10-21 11:42:18,599 - INFO - 浏览器初始化成功
2025-10-21 11:42:18,599 - INFO - 打开网站: https://satellite.nsmc.org.cn/DataPortal/cn/home/index.html
2025-10-21 11:43:01,317 - INFO - 开始登录流程
2025-10-21 11:43:06,257 - INFO - 成功点击元素: xpath: //*[@id="common-login"]
2025-10-21 11:43:07,317 - INFO - 成功输入文本到元素: xpath: //*[@id="inputUserNameCN"]
2025-10-21 11:43:07,367 - INFO - 成功输入文本到元素: xpath: //*[@id="inputPasswordCN"]
2025-10-21 11:43:07,987 - INFO - 识别到验证码: Lxnc
2025-10-21 11:43:08,091 - INFO - 成功输入文本到元素: xpath: //*[@id="inputValidateCodeCN"]
2025-10-21 11:43:08,161 - INFO - 成功点击元素: xpath: //*[@id="logincn"]/div[2]/div/div/div[2]/div[2]/div[6]/button
2025-10-21 11:43:11,176 - INFO - 验证登录结果：尝试查找'风云极轨卫星'元素
2025-10-21 11:43:57,839 - INFO - 成功找到'风云极轨卫星'元素，登录成功
2025-10-21 11:43:57,839 - INFO - 开始选择卫星数据
2025-10-21 11:43:57,877 - INFO - 成功点击元素: xpath: /html/body/div[4]/div[4]/div[1]/div/div[1]/div[1]/ul/li[2]
2025-10-21 11:43:57,916 - INFO - 成功点击元素: xpath: /html/body/div[4]/div[4]/div[1]/div/div[1]/div[3]/ul/li[4]
2025-10-21 11:43:57,951 - INFO - 成功点击元素: xpath: /html/body/div[4]/div[4]/div[1]/div/div[1]/div[4]/ul/li[1]
2025-10-21 11:43:58,025 - INFO - 成功点击元素: xpath: //*[@id="select2-sel-dataType-container"]
2025-10-21 11:43:58,060 - INFO - 成功点击元素: xpath: /html/body/span/span/span[2]/ul/li[1]
2025-10-21 11:43:58,060 - INFO - 卫星数据选择完成
2025-10-21 11:43:58,060 - INFO - 开始选择空间范围
2025-10-21 11:43:58,099 - INFO - 成功点击元素: xpath: //*[@id="txt-spaceArea"]
2025-10-21 11:43:59,192 - INFO - 成功输入文本到元素: xpath: //*[@id="other-North_D"]
2025-10-21 11:43:59,745 - INFO - 成功输入文本到元素: xpath: //*[@id="other-North_M"]
2025-10-21 11:44:00,291 - INFO - 成功输入文本到元素: xpath: //*[@id="other-West_D"]
2025-10-21 11:44:00,835 - INFO - 成功输入文本到元素: xpath: //*[@id="other-West_M"]
2025-10-21 11:44:01,377 - INFO - 成功输入文本到元素: xpath: //*[@id="other-East_D"]
2025-10-21 11:44:01,935 - INFO - 成功输入文本到元素: xpath: //*[@id="other-East_M"]
2025-10-21 11:44:02,479 - INFO - 成功输入文本到元素: xpath: //*[@id="other-South_D"]
2025-10-21 11:44:03,025 - INFO - 成功输入文本到元素: xpath: //*[@id="other-South_M"]
2025-10-21 11:44:03,596 - INFO - 成功点击元素: xpath: //*[@id="other-GISWebLocation"]/input
2025-10-21 11:44:03,653 - INFO - 成功点击元素: xpath: //*[@id="btn-space-area-confirm"]
2025-10-21 11:44:03,653 - INFO - 选择空间范围完成
2025-10-21 11:44:03,653 - INFO - 开始提交订单
2025-10-21 11:44:05,728 - INFO - 成功点击元素: xpath: //*[@id="btn-search"]
2025-10-21 11:44:19,090 - WARNING - 点击元素失败，重试 1/3 - xpath: //*[@id="menuProNames"]
2025-10-21 11:44:30,447 - WARNING - 点击元素失败，重试 2/3 - xpath: //*[@id="menuProNames"]
2025-10-21 11:44:41,767 - WARNING - 点击元素失败，重试 3/3 - xpath: //*[@id="menuProNames"]
2025-10-21 11:44:53,139 - ERROR - 多次尝试后仍无法点击元素: xpath: //*[@id="menuProNames"]
2025-10-21 11:44:53,139 - ERROR - Traceback (most recent call last):
  File "D:\Pycharmcode\test\submit_order.py", line 120, in safe_click_element
    element = self.wait.until(EC.element_to_be_clickable((by, value)))
  File "C:\Users\Lenovo\.conda\envs\pachong3.8\lib\site-packages\selenium\webdriver\support\wait.py", line 105, in until
    raise TimeoutException(message, screen, stacktrace)
selenium.common.exceptions.TimeoutException: Message: 


During handling of the above exception, another exception occurred:

Traceback (most recent call last):
  File "D:\Pycharmcode\test\submit_order.py", line 120, in safe_click_element
    element = self.wait.until(EC.element_to_be_clickable((by, value)))
  File "C:\Users\Lenovo\.conda\envs\pachong3.8\lib\site-packages\selenium\webdriver\support\wait.py", line 105, in until
    raise TimeoutException(message, screen, stacktrace)
selenium.common.exceptions.TimeoutException: Message: 


During handling of the above exception, another exception occurred:

Traceback (most recent call last):
  File "D:\Pycharmcode\test\submit_order.py", line 120, in safe_click_element
    element = self.wait.until(EC.element_to_be_clickable((by, value)))
  File "C:\Users\Lenovo\.conda\envs\pachong3.8\lib\site-packages\selenium\webdriver\support\wait.py", line 105, in until
    raise TimeoutException(message, screen, stacktrace)
selenium.common.exceptions.TimeoutException: Message: 


During handling of the above exception, another exception occurred:

Traceback (most recent call last):
  File "D:\Pycharmcode\test\submit_order.py", line 120, in safe_click_element
    element = self.wait.until(EC.element_to_be_clickable((by, value)))
  File "C:\Users\Lenovo\.conda\envs\pachong3.8\lib\site-packages\selenium\webdriver\support\wait.py", line 105, in until
    raise TimeoutException(message, screen, stacktrace)
selenium.common.exceptions.TimeoutException: Message: 


2025-10-21 11:44:53,140 - ERROR - 提交订单失败，程序退出
2025-10-21 11:44:53,140 - INFO - ===== 订单提交程序结束 =====
2025-10-21 17:22:18,693 - INFO - === 日志系统初始化 ===
2025-10-21 17:22:18,694 - INFO - 日志文件路径: D:\Pycharmcode\test\submit_order.log
2025-10-21 17:22:18,694 - INFO - 当前工作目录: D:\Pycharmcode\test
2025-10-21 17:22:18,694 - INFO - ===== 订单提交程序启动 =====
2025-10-21 17:22:20,086 - INFO - 浏览器初始化成功
2025-10-21 17:22:20,086 - INFO - 打开网站: https://satellite.nsmc.org.cn/DataPortal/cn/home/index.html
2025-10-21 17:23:08,404 - INFO - 开始登录流程
2025-10-21 17:23:11,748 - INFO - 成功点击元素: xpath: //*[@id="common-login"]
2025-10-21 17:23:12,859 - INFO - 成功输入文本到元素: xpath: //*[@id="inputUserNameCN"]
2025-10-21 17:23:12,946 - INFO - 成功输入文本到元素: xpath: //*[@id="inputPasswordCN"]
2025-10-21 17:23:13,543 - INFO - 识别到验证码: qpie
2025-10-21 17:23:13,651 - INFO - 成功输入文本到元素: xpath: //*[@id="inputValidateCodeCN"]
2025-10-21 17:23:13,697 - INFO - 成功点击元素: xpath: //*[@id="logincn"]/div[2]/div/div/div[2]/div[2]/div[6]/button
2025-10-21 17:23:16,708 - INFO - 验证登录结果：尝试查找'风云极轨卫星'元素
2025-10-21 17:24:04,616 - INFO - 成功找到'风云极轨卫星'元素，登录成功
2025-10-21 17:24:04,616 - INFO - 开始选择卫星数据
2025-10-21 17:24:04,691 - INFO - 成功点击元素: xpath: /html/body/div[4]/div[4]/div[1]/div/div[1]/div[1]/ul/li[2]
2025-10-21 17:24:04,725 - INFO - 成功点击元素: xpath: /html/body/div[4]/div[4]/div[1]/div/div[1]/div[3]/ul/li[4]
2025-10-21 17:24:04,767 - INFO - 成功点击元素: xpath: /html/body/div[4]/div[4]/div[1]/div/div[1]/div[4]/ul/li[1]
2025-10-21 17:24:04,810 - INFO - 成功点击元素: xpath: //*[@id="select2-sel-dataType-container"]
2025-10-21 17:24:04,849 - INFO - 成功点击元素: xpath: /html/body/span/span/span[2]/ul/li[1]
2025-10-21 17:24:04,850 - INFO - 卫星数据选择完成
2025-10-21 17:24:04,850 - INFO - 开始选择空间范围
2025-10-21 17:24:04,918 - INFO - 成功点击元素: xpath: //*[@id="txt-spaceArea"]
2025-10-21 17:24:05,491 - INFO - 成功输入文本到元素: xpath: //*[@id="other-North_D"]
2025-10-21 17:24:06,045 - INFO - 成功输入文本到元素: xpath: //*[@id="other-North_M"]
2025-10-21 17:24:06,599 - INFO - 成功输入文本到元素: xpath: //*[@id="other-West_D"]
2025-10-21 17:24:07,144 - INFO - 成功输入文本到元素: xpath: //*[@id="other-West_M"]
2025-10-21 17:24:07,696 - INFO - 成功输入文本到元素: xpath: //*[@id="other-East_D"]
2025-10-21 17:24:08,239 - INFO - 成功输入文本到元素: xpath: //*[@id="other-East_M"]
2025-10-21 17:24:08,783 - INFO - 成功输入文本到元素: xpath: //*[@id="other-South_D"]
2025-10-21 17:24:09,346 - INFO - 成功输入文本到元素: xpath: //*[@id="other-South_M"]
2025-10-21 17:24:09,903 - INFO - 成功点击元素: xpath: //*[@id="other-GISWebLocation"]/input
2025-10-21 17:24:09,937 - INFO - 成功点击元素: xpath: //*[@id="btn-space-area-confirm"]
2025-10-21 17:24:09,938 - INFO - 选择空间范围完成
2025-10-21 17:24:09,938 - INFO - 开始提交订单
2025-10-21 17:24:11,982 - INFO - 成功点击元素: xpath: //*[@id="btn-search"]
2025-10-21 17:24:25,511 - WARNING - 点击元素失败，重试 1/3 - xpath: //*[@id="menuProNames"]
2025-10-21 17:24:36,852 - WARNING - 点击元素失败，重试 2/3 - xpath: //*[@id="menuProNames"]
2025-10-21 17:24:48,121 - WARNING - 点击元素失败，重试 3/3 - xpath: //*[@id="menuProNames"]
2025-10-21 17:24:59,432 - ERROR - 多次尝试后仍无法点击元素: xpath: //*[@id="menuProNames"]
2025-10-21 17:24:59,433 - ERROR - Traceback (most recent call last):
  File "D:\Pycharmcode\test\submit_order.py", line 120, in safe_click_element
    element = self.wait.until(EC.element_to_be_clickable((by, value)))
  File "C:\Users\Lenovo\.conda\envs\pachong3.8\lib\site-packages\selenium\webdriver\support\wait.py", line 105, in until
    raise TimeoutException(message, screen, stacktrace)
selenium.common.exceptions.TimeoutException: Message: 


During handling of the above exception, another exception occurred:

Traceback (most recent call last):
  File "D:\Pycharmcode\test\submit_order.py", line 120, in safe_click_element
    element = self.wait.until(EC.element_to_be_clickable((by, value)))
  File "C:\Users\Lenovo\.conda\envs\pachong3.8\lib\site-packages\selenium\webdriver\support\wait.py", line 105, in until
    raise TimeoutException(message, screen, stacktrace)
selenium.common.exceptions.TimeoutException: Message: 


During handling of the above exception, another exception occurred:

Traceback (most recent call last):
  File "D:\Pycharmcode\test\submit_order.py", line 120, in safe_click_element
    element = self.wait.until(EC.element_to_be_clickable((by, value)))
  File "C:\Users\Lenovo\.conda\envs\pachong3.8\lib\site-packages\selenium\webdriver\support\wait.py", line 105, in until
    raise TimeoutException(message, screen, stacktrace)
selenium.common.exceptions.TimeoutException: Message: 


During handling of the above exception, another exception occurred:

Traceback (most recent call last):
  File "D:\Pycharmcode\test\submit_order.py", line 120, in safe_click_element
    element = self.wait.until(EC.element_to_be_clickable((by, value)))
  File "C:\Users\Lenovo\.conda\envs\pachong3.8\lib\site-packages\selenium\webdriver\support\wait.py", line 105, in until
    raise TimeoutException(message, screen, stacktrace)
selenium.common.exceptions.TimeoutException: Message: 


2025-10-21 17:24:59,433 - ERROR - 提交订单失败，程序退出
2025-10-21 17:24:59,433 - INFO - ===== 订单提交程序结束 =====
2025-10-21 17:28:40,122 - INFO - === 日志系统初始化 ===
2025-10-21 17:28:40,122 - INFO - 日志文件路径: D:\Pycharmcode\test\submit_order.log
2025-10-21 17:28:40,122 - INFO - 当前工作目录: D:\Pycharmcode\test
2025-10-21 17:28:40,122 - INFO - ===== 订单提交程序启动 =====
2025-10-21 17:28:41,413 - INFO - 浏览器初始化成功
2025-10-21 17:28:41,413 - INFO - 打开网站: https://satellite.nsmc.org.cn/DataPortal/cn/home/index.html
2025-10-21 17:29:43,334 - INFO - 开始登录流程
2025-10-21 17:29:45,483 - INFO - 成功点击元素: xpath: //*[@id="common-login"]
2025-10-21 17:29:46,574 - INFO - 成功输入文本到元素: xpath: //*[@id="inputUserNameCN"]
2025-10-21 17:29:46,609 - INFO - 成功输入文本到元素: xpath: //*[@id="inputPasswordCN"]
2025-10-21 17:29:47,258 - INFO - 识别到验证码: zq6b
2025-10-21 17:29:47,388 - INFO - 成功输入文本到元素: xpath: //*[@id="inputValidateCodeCN"]
2025-10-21 17:29:47,445 - INFO - 成功点击元素: xpath: //*[@id="logincn"]/div[2]/div/div/div[2]/div[2]/div[6]/button
2025-10-21 17:29:50,459 - INFO - 验证登录结果：尝试查找'风云极轨卫星'元素
2025-10-21 17:30:43,099 - INFO - 成功找到'风云极轨卫星'元素，登录成功
2025-10-21 17:30:43,099 - INFO - 开始选择卫星数据
2025-10-21 17:30:43,133 - INFO - 成功点击元素: xpath: /html/body/div[4]/div[4]/div[1]/div/div[1]/div[1]/ul/li[2]
2025-10-21 17:30:43,180 - INFO - 成功点击元素: xpath: /html/body/div[4]/div[4]/div[1]/div/div[1]/div[3]/ul/li[4]
2025-10-21 17:30:43,215 - INFO - 成功点击元素: xpath: /html/body/div[4]/div[4]/div[1]/div/div[1]/div[4]/ul/li[1]
2025-10-21 17:30:43,262 - INFO - 成功点击元素: xpath: //*[@id="select2-sel-dataType-container"]
2025-10-21 17:30:43,304 - INFO - 成功点击元素: xpath: /html/body/span/span/span[2]/ul/li[1]
2025-10-21 17:30:43,304 - INFO - 卫星数据选择完成
2025-10-21 17:30:43,304 - INFO - 开始选择空间范围
2025-10-21 17:30:43,350 - INFO - 成功点击元素: xpath: //*[@id="txt-spaceArea"]
2025-10-21 17:30:43,899 - INFO - 成功输入文本到元素: xpath: //*[@id="other-North_D"]
2025-10-21 17:30:44,485 - INFO - 成功输入文本到元素: xpath: //*[@id="other-North_M"]
2025-10-21 17:30:45,043 - INFO - 成功输入文本到元素: xpath: //*[@id="other-West_D"]
2025-10-21 17:30:45,607 - INFO - 成功输入文本到元素: xpath: //*[@id="other-West_M"]
2025-10-21 17:30:46,164 - INFO - 成功输入文本到元素: xpath: //*[@id="other-East_D"]
2025-10-21 17:30:46,722 - INFO - 成功输入文本到元素: xpath: //*[@id="other-East_M"]
2025-10-21 17:30:47,288 - INFO - 成功输入文本到元素: xpath: //*[@id="other-South_D"]
2025-10-21 17:30:47,829 - INFO - 成功输入文本到元素: xpath: //*[@id="other-South_M"]
2025-10-21 17:30:48,380 - INFO - 成功点击元素: xpath: //*[@id="other-GISWebLocation"]/input
2025-10-21 17:30:48,434 - INFO - 成功点击元素: xpath: //*[@id="btn-space-area-confirm"]
2025-10-21 17:30:48,434 - INFO - 选择空间范围完成
2025-10-21 17:30:48,434 - INFO - 开始提交订单
2025-10-21 17:30:50,483 - INFO - 成功点击元素: xpath: //*[@id="btn-search"]
2025-10-21 17:31:03,788 - WARNING - 点击元素失败，重试 1/3 - xpath: //*[@id="menuProNames"]
2025-10-21 17:31:15,041 - WARNING - 点击元素失败，重试 2/3 - xpath: //*[@id="menuProNames"]
2025-10-21 17:31:26,339 - WARNING - 点击元素失败，重试 3/3 - xpath: //*[@id="menuProNames"]
2025-10-21 17:31:37,591 - ERROR - 多次尝试后仍无法点击元素: xpath: //*[@id="menuProNames"]
2025-10-21 17:31:37,592 - ERROR - Traceback (most recent call last):
  File "D:\Pycharmcode\test\submit_order.py", line 120, in safe_click_element
    element = self.wait.until(EC.element_to_be_clickable((by, value)))
  File "C:\Users\Lenovo\.conda\envs\pachong3.8\lib\site-packages\selenium\webdriver\support\wait.py", line 105, in until
    raise TimeoutException(message, screen, stacktrace)
selenium.common.exceptions.TimeoutException: Message: 


During handling of the above exception, another exception occurred:

Traceback (most recent call last):
  File "D:\Pycharmcode\test\submit_order.py", line 120, in safe_click_element
    element = self.wait.until(EC.element_to_be_clickable((by, value)))
  File "C:\Users\Lenovo\.conda\envs\pachong3.8\lib\site-packages\selenium\webdriver\support\wait.py", line 105, in until
    raise TimeoutException(message, screen, stacktrace)
selenium.common.exceptions.TimeoutException: Message: 


During handling of the above exception, another exception occurred:

Traceback (most recent call last):
  File "D:\Pycharmcode\test\submit_order.py", line 120, in safe_click_element
    element = self.wait.until(EC.element_to_be_clickable((by, value)))
  File "C:\Users\Lenovo\.conda\envs\pachong3.8\lib\site-packages\selenium\webdriver\support\wait.py", line 105, in until
    raise TimeoutException(message, screen, stacktrace)
selenium.common.exceptions.TimeoutException: Message: 


During handling of the above exception, another exception occurred:

Traceback (most recent call last):
  File "D:\Pycharmcode\test\submit_order.py", line 120, in safe_click_element
    element = self.wait.until(EC.element_to_be_clickable((by, value)))
  File "C:\Users\Lenovo\.conda\envs\pachong3.8\lib\site-packages\selenium\webdriver\support\wait.py", line 105, in until
    raise TimeoutException(message, screen, stacktrace)
selenium.common.exceptions.TimeoutException: Message: 


2025-10-21 17:31:37,592 - ERROR - 提交订单失败，程序退出
2025-10-21 17:31:37,592 - INFO - ===== 订单提交程序结束 =====
2025-10-21 17:42:17,701 - INFO - === 日志系统初始化 ===
2025-10-21 17:42:17,701 - INFO - 日志文件路径: D:\Pycharmcode\test\submit_order.log
2025-10-21 17:42:17,701 - INFO - 当前工作目录: D:\Pycharmcode\test
2025-10-21 17:42:17,701 - INFO - ===== 订单提交程序启动 =====
2025-10-21 17:42:19,035 - INFO - 浏览器初始化成功
2025-10-21 17:42:19,035 - INFO - 打开网站: https://satellite.nsmc.org.cn/DataPortal/cn/home/index.html
2025-10-21 17:44:19,043 - ERROR - 程序运行出错: HTTPConnectionPool(host='localhost', port=54541): Read timed out. (read timeout=120)
2025-10-21 17:44:19,049 - ERROR - Traceback (most recent call last):
  File "C:\Users\Lenovo\.conda\envs\pachong3.8\lib\site-packages\urllib3\connectionpool.py", line 536, in _make_request
    response = conn.getresponse()
  File "C:\Users\Lenovo\.conda\envs\pachong3.8\lib\site-packages\urllib3\connection.py", line 507, in getresponse
    httplib_response = super().getresponse()
  File "C:\Users\Lenovo\.conda\envs\pachong3.8\lib\http\client.py", line 1348, in getresponse
    response.begin()
  File "C:\Users\Lenovo\.conda\envs\pachong3.8\lib\http\client.py", line 316, in begin
    version, status, reason = self._read_status()
  File "C:\Users\Lenovo\.conda\envs\pachong3.8\lib\http\client.py", line 277, in _read_status
    line = str(self.fp.readline(_MAXLINE + 1), "iso-8859-1")
  File "C:\Users\Lenovo\.conda\envs\pachong3.8\lib\socket.py", line 681, in readinto
    return self._sock.recv_into(b)
socket.timeout: timed out

The above exception was the direct cause of the following exception:

Traceback (most recent call last):
  File "D:\Pycharmcode\test\submit_order.py", line 249, in run
    self.browser.driver.get(self.base_url)
  File "C:\Users\Lenovo\.conda\envs\pachong3.8\lib\site-packages\selenium\webdriver\remote\webdriver.py", line 393, in get
    self.execute(Command.GET, {"url": url})
  File "C:\Users\Lenovo\.conda\envs\pachong3.8\lib\site-packages\selenium\webdriver\remote\webdriver.py", line 382, in execute
    response = self.command_executor.execute(driver_command, params)
  File "C:\Users\Lenovo\.conda\envs\pachong3.8\lib\site-packages\selenium\webdriver\remote\remote_connection.py", line 404, in execute
    return self._request(command_info[0], url, body=data)
  File "C:\Users\Lenovo\.conda\envs\pachong3.8\lib\site-packages\selenium\webdriver\remote\remote_connection.py", line 428, in _request
    response = self._conn.request(method, url, body=body, headers=headers, timeout=self._client_config.timeout)
  File "C:\Users\Lenovo\.conda\envs\pachong3.8\lib\site-packages\urllib3\_request_methods.py", line 143, in request
    return self.request_encode_body(
  File "C:\Users\Lenovo\.conda\envs\pachong3.8\lib\site-packages\urllib3\_request_methods.py", line 278, in request_encode_body
    return self.urlopen(method, url, **extra_kw)
  File "C:\Users\Lenovo\.conda\envs\pachong3.8\lib\site-packages\urllib3\poolmanager.py", line 443, in urlopen
    response = conn.urlopen(method, u.request_uri, **kw)
  File "C:\Users\Lenovo\.conda\envs\pachong3.8\lib\site-packages\urllib3\connectionpool.py", line 843, in urlopen
    retries = retries.increment(
  File "C:\Users\Lenovo\.conda\envs\pachong3.8\lib\site-packages\urllib3\util\retry.py", line 474, in increment
    raise reraise(type(error), error, _stacktrace)
  File "C:\Users\Lenovo\.conda\envs\pachong3.8\lib\site-packages\urllib3\util\util.py", line 39, in reraise
    raise value
  File "C:\Users\Lenovo\.conda\envs\pachong3.8\lib\site-packages\urllib3\connectionpool.py", line 789, in urlopen
    response = self._make_request(
  File "C:\Users\Lenovo\.conda\envs\pachong3.8\lib\site-packages\urllib3\connectionpool.py", line 538, in _make_request
    self._raise_timeout(err=e, url=url, timeout_value=read_timeout)
  File "C:\Users\Lenovo\.conda\envs\pachong3.8\lib\site-packages\urllib3\connectionpool.py", line 369, in _raise_timeout
    raise ReadTimeoutError(
urllib3.exceptions.ReadTimeoutError: HTTPConnectionPool(host='localhost', port=54541): Read timed out. (read timeout=120)

2025-10-21 17:44:19,049 - INFO - ===== 订单提交程序结束 =====
2025-10-21 17:46:57,295 - INFO - === 日志系统初始化 ===
2025-10-21 17:46:57,295 - INFO - 日志文件路径: D:\Pycharmcode\test\submit_order.log
2025-10-21 17:46:57,295 - INFO - 当前工作目录: D:\Pycharmcode\test
2025-10-21 17:46:57,295 - INFO - ===== 订单提交程序启动 =====
2025-10-21 17:46:58,590 - INFO - 浏览器初始化成功
2025-10-21 17:46:58,590 - INFO - 打开网站: https://satellite.nsmc.org.cn/DataPortal/cn/home/index.html
2025-10-21 17:48:03,284 - INFO - === 日志系统初始化 ===
2025-10-21 17:48:03,284 - INFO - 日志文件路径: D:\Pycharmcode\test\submit_order.log
2025-10-21 17:48:03,286 - INFO - 当前工作目录: D:\Pycharmcode\test
2025-10-21 17:48:03,286 - INFO - ===== 订单提交程序启动 =====
2025-10-21 17:48:04,699 - INFO - 浏览器初始化成功
2025-10-21 17:48:04,699 - INFO - 打开网站: https://satellite.nsmc.org.cn/DataPortal/cn/home/index.html
2025-10-21 17:49:21,652 - INFO - 开始登录流程
2025-10-21 17:49:23,994 - INFO - 成功点击元素: xpath: //*[@id="common-login"]
2025-10-21 17:49:25,071 - INFO - 成功输入文本到元素: xpath: //*[@id="inputUserNameCN"]
2025-10-21 17:49:25,124 - INFO - 成功输入文本到元素: xpath: //*[@id="inputPasswordCN"]
2025-10-21 17:49:25,694 - INFO - 识别到验证码: zjbv
2025-10-21 17:49:25,802 - INFO - 成功输入文本到元素: xpath: //*[@id="inputValidateCodeCN"]
2025-10-21 17:49:25,844 - INFO - 成功点击元素: xpath: //*[@id="logincn"]/div[2]/div/div/div[2]/div[2]/div[6]/button
2025-10-21 17:49:28,857 - INFO - 验证登录结果：尝试查找'风云极轨卫星'元素
2025-10-21 17:50:36,212 - INFO - 成功找到'风云极轨卫星'元素，登录成功
2025-10-21 17:50:36,212 - INFO - 开始选择卫星数据
2025-10-21 17:50:36,251 - INFO - 成功点击元素: xpath: /html/body/div[4]/div[4]/div[1]/div/div[1]/div[1]/ul/li[2]
2025-10-21 17:50:36,296 - INFO - 成功点击元素: xpath: /html/body/div[4]/div[4]/div[1]/div/div[1]/div[3]/ul/li[4]
2025-10-21 17:50:36,339 - INFO - 成功点击元素: xpath: /html/body/div[4]/div[4]/div[1]/div/div[1]/div[4]/ul/li[1]
2025-10-21 17:50:37,405 - INFO - 成功点击元素: xpath: //*[@id="select2-sel-dataType-container"]
2025-10-21 17:50:37,444 - INFO - 成功点击元素: xpath: /html/body/span/span/span[2]/ul/li[1]
2025-10-21 17:50:37,444 - INFO - 卫星数据选择完成
2025-10-21 17:50:37,444 - INFO - 开始选择空间范围
2025-10-21 17:50:37,490 - INFO - 成功点击元素: xpath: //*[@id="txt-spaceArea"]
2025-10-21 17:50:38,072 - INFO - 成功输入文本到元素: xpath: //*[@id="other-North_D"]
2025-10-21 17:50:38,637 - INFO - 成功输入文本到元素: xpath: //*[@id="other-North_M"]
2025-10-21 17:50:39,201 - INFO - 成功输入文本到元素: xpath: //*[@id="other-West_D"]
2025-10-21 17:50:39,770 - INFO - 成功输入文本到元素: xpath: //*[@id="other-West_M"]
2025-10-21 17:50:40,329 - INFO - 成功输入文本到元素: xpath: //*[@id="other-East_D"]
2025-10-21 17:50:40,918 - INFO - 成功输入文本到元素: xpath: //*[@id="other-East_M"]
2025-10-21 17:50:41,497 - INFO - 成功输入文本到元素: xpath: //*[@id="other-South_D"]
2025-10-21 17:50:42,079 - INFO - 成功输入文本到元素: xpath: //*[@id="other-South_M"]
2025-10-21 17:50:42,640 - INFO - 成功点击元素: xpath: //*[@id="other-GISWebLocation"]/input
2025-10-21 17:50:42,674 - INFO - 成功点击元素: xpath: //*[@id="btn-space-area-confirm"]
2025-10-21 17:50:42,675 - INFO - 选择空间范围完成
2025-10-21 17:50:42,675 - INFO - 开始提交订单
2025-10-21 17:50:44,720 - INFO - 成功点击元素: xpath: //*[@id="btn-search"]
2025-10-21 17:50:57,953 - WARNING - 点击元素失败，重试 1/3 - xpath: //*[@id="menuProNames"]
2025-10-21 17:51:09,480 - WARNING - 点击元素失败，重试 2/3 - xpath: //*[@id="menuProNames"]
2025-10-21 17:51:20,506 - WARNING - 点击元素失败，重试 3/3 - xpath: //*[@id="menuProNames"]
2025-10-21 17:51:31,950 - ERROR - 多次尝试后仍无法点击元素: xpath: //*[@id="menuProNames"]
2025-10-21 17:51:31,951 - ERROR - Traceback (most recent call last):
  File "D:\Pycharmcode\test\submit_order.py", line 125, in safe_click_element
    element = self.wait.until(EC.element_to_be_clickable((by, value)))
  File "C:\Users\Lenovo\.conda\envs\pachong3.8\lib\site-packages\selenium\webdriver\support\wait.py", line 105, in until
    raise TimeoutException(message, screen, stacktrace)
selenium.common.exceptions.TimeoutException: Message: 


During handling of the above exception, another exception occurred:

Traceback (most recent call last):
  File "D:\Pycharmcode\test\submit_order.py", line 125, in safe_click_element
    element = self.wait.until(EC.element_to_be_clickable((by, value)))
  File "C:\Users\Lenovo\.conda\envs\pachong3.8\lib\site-packages\selenium\webdriver\support\wait.py", line 105, in until
    raise TimeoutException(message, screen, stacktrace)
selenium.common.exceptions.TimeoutException: Message: 


During handling of the above exception, another exception occurred:

Traceback (most recent call last):
  File "D:\Pycharmcode\test\submit_order.py", line 125, in safe_click_element
    element = self.wait.until(EC.element_to_be_clickable((by, value)))
  File "C:\Users\Lenovo\.conda\envs\pachong3.8\lib\site-packages\selenium\webdriver\support\wait.py", line 105, in until
    raise TimeoutException(message, screen, stacktrace)
selenium.common.exceptions.TimeoutException: Message: 


During handling of the above exception, another exception occurred:

Traceback (most recent call last):
  File "D:\Pycharmcode\test\submit_order.py", line 125, in safe_click_element
    element = self.wait.until(EC.element_to_be_clickable((by, value)))
  File "C:\Users\Lenovo\.conda\envs\pachong3.8\lib\site-packages\selenium\webdriver\support\wait.py", line 105, in until
    raise TimeoutException(message, screen, stacktrace)
selenium.common.exceptions.TimeoutException: Message: 


2025-10-21 17:51:31,951 - ERROR - 提交订单失败，程序退出
2025-10-21 17:51:31,951 - INFO - ===== 订单提交程序结束 =====
2025-10-21 17:52:01,226 - INFO - === 日志系统初始化 ===
2025-10-21 17:52:01,226 - INFO - 日志文件路径: D:\Pycharmcode\test\submit_order.log
2025-10-21 17:52:01,226 - INFO - 当前工作目录: D:\Pycharmcode\test
2025-10-21 17:52:01,226 - INFO - ===== 订单提交程序启动 =====
2025-10-21 17:52:02,531 - INFO - 浏览器初始化成功
2025-10-21 17:52:02,531 - INFO - 打开网站: https://satellite.nsmc.org.cn/DataPortal/cn/home/index.html
2025-10-21 17:53:40,460 - INFO - 开始登录流程
2025-10-21 17:53:42,841 - INFO - 成功点击元素: xpath: //*[@id="common-login"]
2025-10-21 17:53:43,926 - INFO - 成功输入文本到元素: xpath: //*[@id="inputUserNameCN"]
2025-10-21 17:53:43,988 - INFO - 成功输入文本到元素: xpath: //*[@id="inputPasswordCN"]
2025-10-21 17:53:44,550 - INFO - 识别到验证码: pezj
2025-10-21 17:53:44,671 - INFO - 成功输入文本到元素: xpath: //*[@id="inputValidateCodeCN"]
2025-10-21 17:53:44,720 - INFO - 成功点击元素: xpath: //*[@id="logincn"]/div[2]/div/div/div[2]/div[2]/div[6]/button
2025-10-21 17:53:47,734 - INFO - 验证登录结果：尝试查找'风云极轨卫星'元素
2025-10-21 17:55:32,241 - INFO - 成功找到'风云极轨卫星'元素，登录成功
2025-10-21 17:55:32,241 - INFO - 开始选择卫星数据
2025-10-21 17:55:32,279 - INFO - 成功点击元素: xpath: /html/body/div[4]/div[4]/div[1]/div/div[1]/div[1]/ul/li[2]
2025-10-21 17:55:33,329 - INFO - 成功点击元素: xpath: /html/body/div[4]/div[4]/div[1]/div/div[1]/div[3]/ul/li[4]
2025-10-21 17:55:34,373 - INFO - 成功点击元素: xpath: /html/body/div[4]/div[4]/div[1]/div/div[1]/div[4]/ul/li[1]
2025-10-21 17:55:34,409 - INFO - 成功点击元素: xpath: //*[@id="select2-sel-dataType-container"]
2025-10-21 17:55:34,439 - INFO - 成功点击元素: xpath: /html/body/span/span/span[2]/ul/li[1]
2025-10-21 17:55:34,439 - INFO - 卫星数据选择完成
2025-10-21 17:55:34,439 - INFO - 开始选择空间范围
2025-10-21 17:55:34,474 - INFO - 成功点击元素: xpath: //*[@id="txt-spaceArea"]
2025-10-21 17:55:35,566 - INFO - 成功输入文本到元素: xpath: //*[@id="other-North_D"]
2025-10-21 17:55:36,107 - INFO - 成功输入文本到元素: xpath: //*[@id="other-North_M"]
2025-10-21 17:55:36,654 - INFO - 成功输入文本到元素: xpath: //*[@id="other-West_D"]
2025-10-21 17:55:37,201 - INFO - 成功输入文本到元素: xpath: //*[@id="other-West_M"]
2025-10-21 17:55:37,753 - INFO - 成功输入文本到元素: xpath: //*[@id="other-East_D"]
2025-10-21 17:55:38,293 - INFO - 成功输入文本到元素: xpath: //*[@id="other-East_M"]
2025-10-21 17:55:38,838 - INFO - 成功输入文本到元素: xpath: //*[@id="other-South_D"]
2025-10-21 17:55:39,391 - INFO - 成功输入文本到元素: xpath: //*[@id="other-South_M"]
2025-10-21 17:55:39,935 - INFO - 成功点击元素: xpath: //*[@id="other-GISWebLocation"]/input
2025-10-21 17:55:39,972 - INFO - 成功点击元素: xpath: //*[@id="btn-space-area-confirm"]
2025-10-21 17:55:39,972 - INFO - 选择空间范围完成
2025-10-21 17:55:39,972 - INFO - 开始提交订单
2025-10-21 17:55:42,007 - INFO - 成功点击元素: xpath: //*[@id="btn-search"]
2025-10-21 17:55:55,283 - WARNING - 点击元素失败，重试 1/3 - xpath: //*[@id="menuProNames"]
2025-10-21 17:56:06,540 - WARNING - 点击元素失败，重试 2/3 - xpath: //*[@id="menuProNames"]
2025-10-21 17:56:13,787 - INFO - 成功点击元素: xpath: //*[@id="menuProNames"]
2025-10-21 17:56:13,834 - INFO - 成功点击元素: xpath: //*[@id="fileListHead"]/th[3]/div/ul/li[3]/a/input
2025-10-21 17:56:13,873 - INFO - 成功点击元素: xpath: //*[@id="searchId"]
2025-10-21 17:56:14,971 - INFO - 成功点击元素: xpath: /html/body/div[9]/div/div[2]/div/div[2]/div[2]/div/table/tbody/tr[2]/td[1]/input
2025-10-21 17:56:21,960 - INFO - 成功点击元素: xpath: //*[@id="commitEdit"]
2025-10-21 17:56:23,606 - INFO - 成功点击元素: xpath: //*[@id="chkIsSendMail"]
2025-10-21 17:56:24,649 - INFO - 成功点击元素: xpath: /html/body/div[4]/div/div[3]/div[2]/div[2]/div[4]/button
2025-10-21 17:56:25,662 - INFO - 订单提交完成
2025-10-21 17:56:25,662 - INFO - 查看订单
2025-10-21 17:56:25,663 - ERROR - 程序运行出错: Alert Text: 购物车中无数据
Message: unexpected alert open: {Alert text : 购物车中无数据}
  (Session info: chrome=140.0.7339.81)
Stacktrace:
	GetHandleVerifier [0x0x7ff639051eb5+80197]
	GetHandleVerifier [0x0x7ff639051f10+80288]
	(No symbol) [0x0x7ff638dd02fa]
	(No symbol) [0x0x7ff638e7926d]
	(No symbol) [0x0x7ff638e50153]
	(No symbol) [0x0x7ff638e18b02]
	(No symbol) [0x0x7ff638e198d3]
	GetHandleVerifier [0x0x7ff63930e83d+2949837]
	GetHandleVerifier [0x0x7ff639308c6a+2926330]
	GetHandleVerifier [0x0x7ff6393286c7+3055959]
	GetHandleVerifier [0x0x7ff63906cfee+191102]
	GetHandleVerifier [0x0x7ff6390750af+224063]
	GetHandleVerifier [0x0x7ff63905af64+117236]
	GetHandleVerifier [0x0x7ff63905b119+117673]
	GetHandleVerifier [0x0x7ff6390410a8+11064]
	BaseThreadInitThunk [0x0x7ffc8e55e8d7+23]
	RtlUserThreadStart [0x0x7ffc9064c53c+44]

2025-10-21 17:56:25,665 - ERROR - Traceback (most recent call last):
  File "D:\Pycharmcode\test\submit_order.py", line 278, in run
  File "D:\Pycharmcode\test\submit_order.py", line 483, in _check_order
    return True
  File "D:\Pycharmcode\test\submit_order.py", line 125, in safe_click_element
    except (TimeoutException, ElementClickInterceptedException, StaleElementReferenceException) as e:  # 捕获三种异常：超时异常 元素点击被拦截异常 元素过时异常
  File "C:\Users\Lenovo\.conda\envs\pachong3.8\lib\site-packages\selenium\webdriver\support\wait.py", line 96, in until
    value = method(self._driver)
  File "C:\Users\Lenovo\.conda\envs\pachong3.8\lib\site-packages\selenium\webdriver\support\expected_conditions.py", line 363, in _predicate
    target = driver.find_element(*target)  # grab element at locator
  File "C:\Users\Lenovo\.conda\envs\pachong3.8\lib\site-packages\selenium\webdriver\remote\webdriver.py", line 770, in find_element
    return self.execute(Command.FIND_ELEMENT, {"using": by, "value": value})["value"]
  File "C:\Users\Lenovo\.conda\envs\pachong3.8\lib\site-packages\selenium\webdriver\remote\webdriver.py", line 384, in execute
    self.error_handler.check_response(response)
  File "C:\Users\Lenovo\.conda\envs\pachong3.8\lib\site-packages\selenium\webdriver\remote\errorhandler.py", line 231, in check_response
    raise exception_class(message, screen, stacktrace, alert_text)  # type: ignore[call-arg]  # mypy is not smart enough here
selenium.common.exceptions.UnexpectedAlertPresentException: Alert Text: 购物车中无数据
Message: unexpected alert open: {Alert text : 购物车中无数据}
  (Session info: chrome=140.0.7339.81)
Stacktrace:
	GetHandleVerifier [0x0x7ff639051eb5+80197]
	GetHandleVerifier [0x0x7ff639051f10+80288]
	(No symbol) [0x0x7ff638dd02fa]
	(No symbol) [0x0x7ff638e7926d]
	(No symbol) [0x0x7ff638e50153]
	(No symbol) [0x0x7ff638e18b02]
	(No symbol) [0x0x7ff638e198d3]
	GetHandleVerifier [0x0x7ff63930e83d+2949837]
	GetHandleVerifier [0x0x7ff639308c6a+2926330]
	GetHandleVerifier [0x0x7ff6393286c7+3055959]
	GetHandleVerifier [0x0x7ff63906cfee+191102]
	GetHandleVerifier [0x0x7ff6390750af+224063]
	GetHandleVerifier [0x0x7ff63905af64+117236]
	GetHandleVerifier [0x0x7ff63905b119+117673]
	GetHandleVerifier [0x0x7ff6390410a8+11064]
	BaseThreadInitThunk [0x0x7ffc8e55e8d7+23]
	RtlUserThreadStart [0x0x7ffc9064c53c+44]


2025-10-21 17:56:25,665 - INFO - ===== 订单提交程序结束 =====
2025-10-21 17:57:11,930 - INFO - === 日志系统初始化 ===
2025-10-21 17:57:11,930 - INFO - 日志文件路径: D:\Pycharmcode\test\submit_order.log
2025-10-21 17:57:11,930 - INFO - 当前工作目录: D:\Pycharmcode\test
2025-10-21 17:57:11,930 - INFO - ===== 订单提交程序启动 =====
2025-10-21 17:57:13,183 - INFO - 浏览器初始化成功
2025-10-21 17:57:13,183 - INFO - 打开网站: https://satellite.nsmc.org.cn/DataPortal/cn/home/index.html
2025-10-21 17:58:24,363 - INFO - 开始登录流程
2025-10-21 17:58:26,286 - INFO - 成功点击元素: xpath: //*[@id="common-login"]
2025-10-21 17:58:27,364 - INFO - 成功输入文本到元素: xpath: //*[@id="inputUserNameCN"]
2025-10-21 17:58:27,404 - INFO - 成功输入文本到元素: xpath: //*[@id="inputPasswordCN"]
2025-10-21 17:58:28,023 - INFO - 识别到验证码: ovby
2025-10-21 17:58:28,162 - INFO - 成功输入文本到元素: xpath: //*[@id="inputValidateCodeCN"]
2025-10-21 17:58:28,211 - INFO - 成功点击元素: xpath: //*[@id="logincn"]/div[2]/div/div/div[2]/div[2]/div[6]/button
2025-10-21 17:58:31,225 - INFO - 验证登录结果：尝试查找'风云极轨卫星'元素
2025-10-21 17:59:36,041 - INFO - 成功找到'风云极轨卫星'元素，登录成功
2025-10-21 17:59:36,041 - INFO - 开始选择卫星数据
2025-10-21 17:59:36,092 - INFO - 成功点击元素: xpath: /html/body/div[4]/div[4]/div[1]/div/div[1]/div[1]/ul/li[2]
2025-10-21 17:59:37,155 - INFO - 成功点击元素: xpath: /html/body/div[4]/div[4]/div[1]/div/div[1]/div[3]/ul/li[4]
2025-10-21 17:59:38,198 - INFO - 成功点击元素: xpath: /html/body/div[4]/div[4]/div[1]/div/div[1]/div[4]/ul/li[1]
2025-10-21 17:59:38,242 - INFO - 成功点击元素: xpath: //*[@id="select2-sel-dataType-container"]
2025-10-21 17:59:38,285 - INFO - 成功点击元素: xpath: /html/body/span/span/span[2]/ul/li[1]
2025-10-21 17:59:38,285 - INFO - 卫星数据选择完成
2025-10-21 17:59:38,285 - INFO - 开始选择空间范围
2025-10-21 17:59:38,345 - INFO - 成功点击元素: xpath: //*[@id="txt-spaceArea"]
2025-10-21 17:59:38,928 - INFO - 成功输入文本到元素: xpath: //*[@id="other-North_D"]
2025-10-21 17:59:39,491 - INFO - 成功输入文本到元素: xpath: //*[@id="other-North_M"]
2025-10-21 17:59:40,041 - INFO - 成功输入文本到元素: xpath: //*[@id="other-West_D"]
2025-10-21 17:59:40,601 - INFO - 成功输入文本到元素: xpath: //*[@id="other-West_M"]
2025-10-21 17:59:41,149 - INFO - 成功输入文本到元素: xpath: //*[@id="other-East_D"]
2025-10-21 17:59:41,694 - INFO - 成功输入文本到元素: xpath: //*[@id="other-East_M"]
2025-10-21 17:59:42,236 - INFO - 成功输入文本到元素: xpath: //*[@id="other-South_D"]
2025-10-21 17:59:42,779 - INFO - 成功输入文本到元素: xpath: //*[@id="other-South_M"]
2025-10-21 17:59:43,347 - INFO - 成功点击元素: xpath: //*[@id="other-GISWebLocation"]/input
2025-10-21 17:59:43,389 - INFO - 成功点击元素: xpath: //*[@id="btn-space-area-confirm"]
2025-10-21 17:59:43,389 - INFO - 选择空间范围完成
2025-10-21 17:59:43,389 - INFO - 开始提交订单
2025-10-21 17:59:45,442 - INFO - 成功点击元素: xpath: //*[@id="btn-search"]
2025-10-21 17:59:48,485 - INFO - 成功点击元素: xpath: //*[@id="menuProNames"]
2025-10-21 17:59:48,549 - INFO - 成功点击元素: xpath: //*[@id="fileListHead"]/th[3]/div/ul/li[3]/a/input
2025-10-21 17:59:48,588 - INFO - 成功点击元素: xpath: //*[@id="searchId"]
2025-10-21 17:59:50,133 - INFO - 成功点击元素: xpath: /html/body/div[9]/div/div[2]/div/div[2]/div[2]/div/table/tbody/tr[2]/td[1]/input
2025-10-21 17:59:55,658 - INFO - 成功点击元素: xpath: //*[@id="commitEdit"]
2025-10-21 17:59:55,882 - INFO - 成功点击元素: xpath: //*[@id="chkIsSendMail"]
2025-10-21 17:59:56,929 - INFO - 成功点击元素: xpath: /html/body/div[4]/div/div[3]/div[2]/div[2]/div[4]/button
2025-10-21 17:59:57,944 - INFO - 订单提交完成
2025-10-21 17:59:57,944 - INFO - 查看订单
2025-10-21 18:00:04,784 - INFO - 成功点击元素: xpath: //*[@id="submit-order"]/div[2]/div/div[3]/button[1]
2025-10-21 18:00:04,784 - INFO - 下载操作完成
2025-10-21 18:00:04,784 - INFO - 所有操作完成
2025-10-21 18:00:04,784 - INFO - ===== 订单提交程序结束 =====
2025-10-21 20:07:22,500 - INFO - === 日志系统初始化 ===
2025-10-21 20:07:22,500 - INFO - 日志文件路径: D:\Pycharmcode\test\submit_order.log
2025-10-21 20:07:22,500 - INFO - 当前工作目录: D:\Pycharmcode\test
2025-10-21 20:07:22,500 - INFO - ===== 订单提交程序启动 =====
2025-10-21 20:07:24,000 - INFO - 浏览器初始化成功
2025-10-21 20:07:24,000 - INFO - 打开网站: https://satellite.nsmc.org.cn/DataPortal/cn/home/index.html
2025-10-21 20:09:08,455 - INFO - 开始登录流程
2025-10-21 20:09:11,353 - INFO - 成功点击元素: xpath: //*[@id="common-login"]
2025-10-21 20:09:12,452 - INFO - 成功输入文本到元素: xpath: //*[@id="inputUserNameCN"]
2025-10-21 20:09:12,501 - INFO - 成功输入文本到元素: xpath: //*[@id="inputPasswordCN"]
2025-10-21 20:09:13,084 - INFO - 识别到验证码: Jhbq
2025-10-21 20:09:13,199 - INFO - 成功输入文本到元素: xpath: //*[@id="inputValidateCodeCN"]
2025-10-21 20:09:13,273 - INFO - 成功点击元素: xpath: //*[@id="logincn"]/div[2]/div/div/div[2]/div[2]/div[6]/button
2025-10-21 20:09:16,284 - INFO - 验证登录结果：尝试查找'风云极轨卫星'元素
2025-10-21 20:09:52,404 - INFO - 成功找到'风云极轨卫星'元素，登录成功
2025-10-21 20:09:52,404 - INFO - 开始选择卫星数据
2025-10-21 20:09:52,439 - INFO - 成功点击元素: xpath: /html/body/div[4]/div[4]/div[1]/div/div[1]/div[1]/ul/li[2]
2025-10-21 20:09:53,476 - INFO - 成功点击元素: xpath: /html/body/div[4]/div[4]/div[1]/div/div[1]/div[3]/ul/li[4]
2025-10-21 20:09:54,516 - INFO - 成功点击元素: xpath: /html/body/div[4]/div[4]/div[1]/div/div[1]/div[4]/ul/li[1]
2025-10-21 20:09:54,557 - INFO - 成功点击元素: xpath: //*[@id="select2-sel-dataType-container"]
2025-10-21 20:09:54,598 - INFO - 成功点击元素: xpath: /html/body/span/span/span[2]/ul/li[1]
2025-10-21 20:09:54,598 - INFO - 卫星数据选择完成
2025-10-21 20:09:54,598 - INFO - 开始选择空间范围
2025-10-21 20:09:54,643 - INFO - 成功点击元素: xpath: //*[@id="txt-spaceArea"]
2025-10-21 20:09:55,228 - INFO - 成功输入文本到元素: xpath: //*[@id="other-North_D"]
2025-10-21 20:09:55,793 - INFO - 成功输入文本到元素: xpath: //*[@id="other-North_M"]
2025-10-21 20:09:56,354 - INFO - 成功输入文本到元素: xpath: //*[@id="other-West_D"]
2025-10-21 20:09:56,933 - INFO - 成功输入文本到元素: xpath: //*[@id="other-West_M"]
2025-10-21 20:09:57,495 - INFO - 成功输入文本到元素: xpath: //*[@id="other-East_D"]
2025-10-21 20:09:58,046 - INFO - 成功输入文本到元素: xpath: //*[@id="other-East_M"]
2025-10-21 20:09:58,607 - INFO - 成功输入文本到元素: xpath: //*[@id="other-South_D"]
2025-10-21 20:09:59,162 - INFO - 成功输入文本到元素: xpath: //*[@id="other-South_M"]
2025-10-21 20:09:59,708 - INFO - 成功点击元素: xpath: //*[@id="other-GISWebLocation"]/input
2025-10-21 20:09:59,748 - INFO - 成功点击元素: xpath: //*[@id="btn-space-area-confirm"]
2025-10-21 20:09:59,748 - INFO - 选择空间范围完成
2025-10-21 20:09:59,748 - INFO - 开始提交订单
2025-10-21 20:10:01,811 - INFO - 成功点击元素: xpath: //*[@id="btn-search"]
2025-10-21 20:10:04,851 - INFO - 成功点击元素: xpath: //*[@id="menuProNames"]
2025-10-21 20:10:04,912 - INFO - 成功点击元素: xpath: //*[@id="fileListHead"]/th[3]/div/ul/li[3]/a/input
2025-10-21 20:10:04,969 - INFO - 成功点击元素: xpath: //*[@id="searchId"]
2025-10-21 20:10:06,013 - INFO - 成功点击元素: xpath: /html/body/div[9]/div/div[2]/div/div[2]/div[2]/div/table/tbody/tr[2]/td[1]/input
2025-10-21 20:10:09,473 - INFO - 成功点击元素: xpath: //*[@id="commitEdit"]
2025-10-21 20:10:09,779 - INFO - 成功点击元素: xpath: //*[@id="chkIsSendMail"]
2025-10-21 20:10:10,821 - INFO - 成功点击元素: xpath: /html/body/div[4]/div/div[3]/div[2]/div[2]/div[4]/button
2025-10-21 20:10:11,828 - INFO - 订单提交完成
2025-10-21 20:10:11,828 - INFO - 查看订单
2025-10-21 20:10:15,185 - INFO - 成功点击元素: xpath: //*[@id="submit-order"]/div[2]/div/div[3]/button[1]
2025-10-21 20:10:15,186 - INFO - 下载操作完成
2025-10-21 20:10:15,186 - INFO - 所有操作完成
2025-10-21 20:10:15,186 - INFO - ===== 订单提交程序结束 =====
2025-10-21 21:34:47,024 - INFO - === 日志系统初始化 ===
2025-10-21 21:34:47,024 - INFO - 日志文件路径: D:\Pycharmcode\test\submit_order.log
2025-10-21 21:34:47,024 - INFO - 当前工作目录: D:\Pycharmcode\test
2025-10-21 21:34:47,024 - INFO - ===== 订单提交程序启动 =====
2025-10-21 21:34:48,385 - INFO - 浏览器初始化成功
2025-10-21 21:34:48,385 - INFO - 打开网站: https://satellite.nsmc.org.cn/DataPortal/cn/home/index.html
2025-10-21 21:36:37,092 - INFO - 开始登录流程
2025-10-21 21:36:42,153 - INFO - 成功点击元素: xpath: //*[@id="common-login"]
2025-10-21 21:36:43,208 - INFO - 成功输入文本到元素: xpath: //*[@id="inputUserNameCN"]
2025-10-21 21:36:43,244 - INFO - 成功输入文本到元素: xpath: //*[@id="inputPasswordCN"]
2025-10-21 21:36:43,857 - INFO - 识别到验证码: aIao
2025-10-21 21:36:43,985 - INFO - 成功输入文本到元素: xpath: //*[@id="inputValidateCodeCN"]
2025-10-21 21:36:44,029 - INFO - 成功点击元素: xpath: //*[@id="logincn"]/div[2]/div/div/div[2]/div[2]/div[6]/button
2025-10-21 21:36:47,044 - INFO - 验证登录结果：尝试查找'风云极轨卫星'元素
2025-10-21 21:36:57,074 - WARNING - 查找元素失败，重试 1/3 - xpath: /html/body/div[4]/div[4]/div[1]/div/div[1]/div[1]/ul/li[2]
2025-10-21 21:37:08,130 - WARNING - 查找元素失败，重试 2/3 - xpath: /html/body/div[4]/div[4]/div[1]/div/div[1]/div[1]/ul/li[2]
2025-10-21 21:37:19,155 - WARNING - 查找元素失败，重试 3/3 - xpath: /html/body/div[4]/div[4]/div[1]/div/div[1]/div[1]/ul/li[2]
2025-10-21 21:37:30,208 - ERROR - 多次尝试后仍无法找到元素: xpath: /html/body/div[4]/div[4]/div[1]/div/div[1]/div[1]/ul/li[2]
2025-10-21 21:37:30,209 - ERROR - Traceback (most recent call last):
  File "D:\Pycharmcode\test\submit_order.py", line 107, in safe_find_element
    return self.wait.until(EC.presence_of_element_located((by, value)))  # 使用创建的显式等待对象 self.wait等待元素「出现」
  File "C:\Users\Lenovo\.conda\envs\pachong3.8\lib\site-packages\selenium\webdriver\support\wait.py", line 105, in until
    raise TimeoutException(message, screen, stacktrace)
selenium.common.exceptions.TimeoutException: Message: 
Stacktrace:
	GetHandleVerifier [0x0x7ff639051eb5+80197]
	GetHandleVerifier [0x0x7ff639051f10+80288]
	(No symbol) [0x0x7ff638dd02fa]
	(No symbol) [0x0x7ff638e27cd7]
	(No symbol) [0x0x7ff638e27f9c]
	(No symbol) [0x0x7ff638e7ba87]
	(No symbol) [0x0x7ff638e503bf]
	(No symbol) [0x0x7ff638e787fb]
	(No symbol) [0x0x7ff638e50153]
	(No symbol) [0x0x7ff638e18b02]
	(No symbol) [0x0x7ff638e198d3]
	GetHandleVerifier [0x0x7ff63930e83d+2949837]
	GetHandleVerifier [0x0x7ff639308c6a+2926330]
	GetHandleVerifier [0x0x7ff6393286c7+3055959]
	GetHandleVerifier [0x0x7ff63906cfee+191102]
	GetHandleVerifier [0x0x7ff6390750af+224063]
	GetHandleVerifier [0x0x7ff63905af64+117236]
	GetHandleVerifier [0x0x7ff63905b119+117673]
	GetHandleVerifier [0x0x7ff6390410a8+11064]
	BaseThreadInitThunk [0x0x7ffc8e55e8d7+23]
	RtlUserThreadStart [0x0x7ffc9064c53c+44]


During handling of the above exception, another exception occurred:

Traceback (most recent call last):
  File "D:\Pycharmcode\test\submit_order.py", line 107, in safe_find_element
    return self.wait.until(EC.presence_of_element_located((by, value)))  # 使用创建的显式等待对象 self.wait等待元素「出现」
  File "C:\Users\Lenovo\.conda\envs\pachong3.8\lib\site-packages\selenium\webdriver\support\wait.py", line 105, in until
    raise TimeoutException(message, screen, stacktrace)
selenium.common.exceptions.TimeoutException: Message: 
Stacktrace:
	GetHandleVerifier [0x0x7ff639051eb5+80197]
	GetHandleVerifier [0x0x7ff639051f10+80288]
	(No symbol) [0x0x7ff638dd02fa]
	(No symbol) [0x0x7ff638e27cd7]
	(No symbol) [0x0x7ff638e27f9c]
	(No symbol) [0x0x7ff638e7ba87]
	(No symbol) [0x0x7ff638e503bf]
	(No symbol) [0x0x7ff638e787fb]
	(No symbol) [0x0x7ff638e50153]
	(No symbol) [0x0x7ff638e18b02]
	(No symbol) [0x0x7ff638e198d3]
	GetHandleVerifier [0x0x7ff63930e83d+2949837]
	GetHandleVerifier [0x0x7ff639308c6a+2926330]
	GetHandleVerifier [0x0x7ff6393286c7+3055959]
	GetHandleVerifier [0x0x7ff63906cfee+191102]
	GetHandleVerifier [0x0x7ff6390750af+224063]
	GetHandleVerifier [0x0x7ff63905af64+117236]
	GetHandleVerifier [0x0x7ff63905b119+117673]
	GetHandleVerifier [0x0x7ff6390410a8+11064]
	BaseThreadInitThunk [0x0x7ffc8e55e8d7+23]
	RtlUserThreadStart [0x0x7ffc9064c53c+44]


During handling of the above exception, another exception occurred:

Traceback (most recent call last):
  File "D:\Pycharmcode\test\submit_order.py", line 107, in safe_find_element
    return self.wait.until(EC.presence_of_element_located((by, value)))  # 使用创建的显式等待对象 self.wait等待元素「出现」
  File "C:\Users\Lenovo\.conda\envs\pachong3.8\lib\site-packages\selenium\webdriver\support\wait.py", line 105, in until
    raise TimeoutException(message, screen, stacktrace)
selenium.common.exceptions.TimeoutException: Message: 
Stacktrace:
	GetHandleVerifier [0x0x7ff639051eb5+80197]
	GetHandleVerifier [0x0x7ff639051f10+80288]
	(No symbol) [0x0x7ff638dd02fa]
	(No symbol) [0x0x7ff638e27cd7]
	(No symbol) [0x0x7ff638e27f9c]
	(No symbol) [0x0x7ff638e7ba87]
	(No symbol) [0x0x7ff638e503bf]
	(No symbol) [0x0x7ff638e787fb]
	(No symbol) [0x0x7ff638e50153]
	(No symbol) [0x0x7ff638e18b02]
	(No symbol) [0x0x7ff638e198d3]
	GetHandleVerifier [0x0x7ff63930e83d+2949837]
	GetHandleVerifier [0x0x7ff639308c6a+2926330]
	GetHandleVerifier [0x0x7ff6393286c7+3055959]
	GetHandleVerifier [0x0x7ff63906cfee+191102]
	GetHandleVerifier [0x0x7ff6390750af+224063]
	GetHandleVerifier [0x0x7ff63905af64+117236]
	GetHandleVerifier [0x0x7ff63905b119+117673]
	GetHandleVerifier [0x0x7ff6390410a8+11064]
	BaseThreadInitThunk [0x0x7ffc8e55e8d7+23]
	RtlUserThreadStart [0x0x7ffc9064c53c+44]


During handling of the above exception, another exception occurred:

Traceback (most recent call last):
  File "D:\Pycharmcode\test\submit_order.py", line 107, in safe_find_element
    return self.wait.until(EC.presence_of_element_located((by, value)))  # 使用创建的显式等待对象 self.wait等待元素「出现」
  File "C:\Users\Lenovo\.conda\envs\pachong3.8\lib\site-packages\selenium\webdriver\support\wait.py", line 105, in until
    raise TimeoutException(message, screen, stacktrace)
selenium.common.exceptions.TimeoutException: Message: 
Stacktrace:
	GetHandleVerifier [0x0x7ff639051eb5+80197]
	GetHandleVerifier [0x0x7ff639051f10+80288]
	(No symbol) [0x0x7ff638dd02fa]
	(No symbol) [0x0x7ff638e27cd7]
	(No symbol) [0x0x7ff638e27f9c]
	(No symbol) [0x0x7ff638e7ba87]
	(No symbol) [0x0x7ff638e503bf]
	(No symbol) [0x0x7ff638e787fb]
	(No symbol) [0x0x7ff638e50153]
	(No symbol) [0x0x7ff638e18b02]
	(No symbol) [0x0x7ff638e198d3]
	GetHandleVerifier [0x0x7ff63930e83d+2949837]
	GetHandleVerifier [0x0x7ff639308c6a+2926330]
	GetHandleVerifier [0x0x7ff6393286c7+3055959]
	GetHandleVerifier [0x0x7ff63906cfee+191102]
	GetHandleVerifier [0x0x7ff6390750af+224063]
	GetHandleVerifier [0x0x7ff63905af64+117236]
	GetHandleVerifier [0x0x7ff63905b119+117673]
	GetHandleVerifier [0x0x7ff6390410a8+11064]
	BaseThreadInitThunk [0x0x7ffc8e55e8d7+23]
	RtlUserThreadStart [0x0x7ffc9064c53c+44]


2025-10-21 21:37:30,214 - WARNING - 登录失败（未找到'风云极轨卫星'元素，可能是因为验证码输入错误，未成功登录），刷新验证码重试 2/3
2025-10-21 21:37:31,843 - INFO - 识别到验证码: qgav
2025-10-21 21:37:31,968 - INFO - 成功输入文本到元素: xpath: //*[@id="inputValidateCodeCN"]
2025-10-21 21:37:32,010 - INFO - 成功点击元素: xpath: //*[@id="logincn"]/div[2]/div/div/div[2]/div[2]/div[6]/button
2025-10-21 21:37:35,012 - INFO - 验证登录结果：尝试查找'风云极轨卫星'元素
2025-10-21 21:38:12,121 - INFO - 成功找到'风云极轨卫星'元素，登录成功
2025-10-21 21:38:12,122 - INFO - 开始选择卫星数据
2025-10-21 21:38:12,161 - INFO - 成功点击元素: xpath: /html/body/div[4]/div[4]/div[1]/div/div[1]/div[1]/ul/li[2]
2025-10-21 21:38:13,205 - INFO - 成功点击元素: xpath: /html/body/div[4]/div[4]/div[1]/div/div[1]/div[3]/ul/li[4]
2025-10-21 21:38:14,250 - INFO - 成功点击元素: xpath: /html/body/div[4]/div[4]/div[1]/div/div[1]/div[4]/ul/li[1]
2025-10-21 21:38:14,290 - INFO - 成功点击元素: xpath: //*[@id="select2-sel-dataType-container"]
2025-10-21 21:38:14,337 - INFO - 成功点击元素: xpath: /html/body/span/span/span[2]/ul/li[1]
2025-10-21 21:38:14,338 - INFO - 卫星数据选择完成
2025-10-21 21:38:14,338 - INFO - 开始选择空间范围
2025-10-21 21:38:14,383 - INFO - 成功点击元素: xpath: //*[@id="txt-spaceArea"]
2025-10-21 21:38:14,959 - INFO - 成功输入文本到元素: xpath: //*[@id="other-North_D"]
2025-10-21 21:38:15,505 - INFO - 成功输入文本到元素: xpath: //*[@id="other-North_M"]
2025-10-21 21:38:16,070 - INFO - 成功输入文本到元素: xpath: //*[@id="other-West_D"]
2025-10-21 21:38:16,613 - INFO - 成功输入文本到元素: xpath: //*[@id="other-West_M"]
2025-10-21 21:38:17,164 - INFO - 成功输入文本到元素: xpath: //*[@id="other-East_D"]
2025-10-21 21:38:17,707 - INFO - 成功输入文本到元素: xpath: //*[@id="other-East_M"]
2025-10-21 21:38:18,260 - INFO - 成功输入文本到元素: xpath: //*[@id="other-South_D"]
2025-10-21 21:38:18,804 - INFO - 成功输入文本到元素: xpath: //*[@id="other-South_M"]
2025-10-21 21:38:19,356 - INFO - 成功点击元素: xpath: //*[@id="other-GISWebLocation"]/input
2025-10-21 21:38:19,407 - INFO - 成功点击元素: xpath: //*[@id="btn-space-area-confirm"]
2025-10-21 21:38:19,407 - INFO - 选择空间范围完成
2025-10-21 21:38:19,407 - INFO - 开始提交订单
2025-10-21 21:38:21,458 - INFO - 成功点击元素: xpath: //*[@id="btn-search"]
2025-10-21 21:38:24,500 - INFO - 成功点击元素: xpath: //*[@id="menuProNames"]
2025-10-21 21:38:24,540 - INFO - 成功点击元素: xpath: //*[@id="fileListHead"]/th[3]/div/ul/li[3]/a/input
2025-10-21 21:38:24,582 - INFO - 成功点击元素: xpath: //*[@id="searchId"]
2025-10-21 21:38:25,637 - INFO - 成功点击元素: xpath: /html/body/div[9]/div/div[2]/div/div[2]/div[2]/div/table/tbody/tr[2]/td[1]/input
2025-10-21 21:38:35,639 - INFO - 成功点击元素: xpath: //*[@id="commitEdit"]
2025-10-21 21:38:35,813 - INFO - 成功点击元素: xpath: //*[@id="chkIsSendMail"]
2025-10-21 21:38:36,857 - INFO - 成功点击元素: xpath: /html/body/div[4]/div/div[3]/div[2]/div[2]/div[4]/button
2025-10-21 21:38:37,864 - INFO - 订单提交完成
2025-10-21 21:38:37,864 - INFO - 查看订单
2025-10-21 21:38:40,897 - INFO - 成功点击元素: xpath: //*[@id="submit-order"]/div[2]/div/div[3]/button[1]
2025-10-21 21:38:40,897 - INFO - 下载操作完成
2025-10-21 21:38:40,897 - INFO - 所有操作完成
2025-10-21 21:38:40,897 - INFO - ===== 订单提交程序结束 =====
2025-10-21 21:57:42,261 - INFO - === 日志系统初始化 ===
2025-10-21 21:57:42,261 - INFO - 日志文件路径: D:\Pycharmcode\test\submit_order.log
2025-10-21 21:57:42,261 - INFO - 当前工作目录: D:\Pycharmcode\test
2025-10-21 21:57:42,261 - INFO - ===== 订单提交程序启动 =====
2025-10-21 21:57:43,546 - INFO - 浏览器初始化成功
2025-10-21 21:57:43,546 - INFO - 打开网站: https://satellite.nsmc.org.cn/DataPortal/cn/home/index.html
2025-10-21 21:58:35,153 - INFO - 开始登录流程
2025-10-21 21:58:37,351 - INFO - 成功点击元素: xpath: //*[@id="common-login"]
2025-10-21 21:58:38,468 - INFO - 成功输入文本到元素: xpath: //*[@id="inputUserNameCN"]
2025-10-21 21:58:38,531 - INFO - 成功输入文本到元素: xpath: //*[@id="inputPasswordCN"]
2025-10-21 21:58:39,114 - INFO - 识别到验证码: vcvc
2025-10-21 21:58:39,243 - INFO - 成功输入文本到元素: xpath: //*[@id="inputValidateCodeCN"]
2025-10-21 21:58:39,296 - INFO - 成功点击元素: xpath: //*[@id="logincn"]/div[2]/div/div/div[2]/div[2]/div[6]/button
2025-10-21 21:58:42,300 - INFO - 验证登录结果：尝试查找'风云极轨卫星'元素
2025-10-21 21:58:42,309 - INFO - 成功找到'风云极轨卫星'元素，登录成功
2025-10-21 21:58:42,309 - INFO - 开始选择卫星数据
2025-10-21 21:58:42,363 - INFO - 成功点击元素: xpath: /html/body/div[4]/div[4]/div[1]/div/div[1]/div[1]/ul/li[2]
2025-10-21 21:58:43,413 - INFO - 成功点击元素: xpath: /html/body/div[4]/div[4]/div[1]/div/div[1]/div[3]/ul/li[4]
2025-10-21 21:58:44,454 - INFO - 成功点击元素: xpath: /html/body/div[4]/div[4]/div[1]/div/div[1]/div[4]/ul/li[1]
2025-10-21 21:58:44,499 - INFO - 成功点击元素: xpath: //*[@id="select2-sel-dataType-container"]
2025-10-21 21:58:44,547 - INFO - 成功点击元素: xpath: /html/body/span/span/span[2]/ul/li[1]
2025-10-21 21:58:44,547 - INFO - 卫星数据选择完成
2025-10-21 21:58:44,547 - INFO - 开始选择空间范围
2025-10-21 21:58:44,596 - INFO - 成功点击元素: xpath: //*[@id="txt-spaceArea"]
2025-10-21 21:58:45,180 - INFO - 成功输入文本到元素: xpath: //*[@id="other-North_D"]
2025-10-21 21:58:45,768 - INFO - 成功输入文本到元素: xpath: //*[@id="other-North_M"]
2025-10-21 21:58:46,332 - INFO - 成功输入文本到元素: xpath: //*[@id="other-West_D"]
2025-10-21 21:58:46,895 - INFO - 成功输入文本到元素: xpath: //*[@id="other-West_M"]
2025-10-21 21:58:47,466 - INFO - 成功输入文本到元素: xpath: //*[@id="other-East_D"]
2025-10-21 21:58:48,020 - INFO - 成功输入文本到元素: xpath: //*[@id="other-East_M"]
2025-10-21 21:58:48,589 - INFO - 成功输入文本到元素: xpath: //*[@id="other-South_D"]
2025-10-21 21:58:49,154 - INFO - 成功输入文本到元素: xpath: //*[@id="other-South_M"]
2025-10-21 21:58:49,697 - INFO - 成功点击元素: xpath: //*[@id="other-GISWebLocation"]/input
2025-10-21 21:58:49,755 - INFO - 成功点击元素: xpath: //*[@id="btn-space-area-confirm"]
2025-10-21 21:58:49,755 - INFO - 选择空间范围完成
2025-10-21 21:58:49,755 - INFO - 开始提交订单
2025-10-21 21:58:51,798 - INFO - 成功点击元素: xpath: //*[@id="btn-search"]
2025-10-21 21:58:54,836 - INFO - 成功点击元素: xpath: //*[@id="menuProNames"]
2025-10-21 21:58:54,887 - INFO - 成功点击元素: xpath: //*[@id="fileListHead"]/th[3]/div/ul/li[3]/a/input
2025-10-21 21:58:54,937 - INFO - 成功点击元素: xpath: //*[@id="searchId"]
2025-10-21 21:58:55,995 - INFO - 成功点击元素: xpath: /html/body/div[9]/div/div[2]/div/div[2]/div[2]/div/table/tbody/tr[2]/td[1]/input
2025-10-21 21:59:01,320 - INFO - 成功点击元素: xpath: //*[@id="commitEdit"]
2025-10-21 21:59:01,533 - INFO - 成功点击元素: xpath: //*[@id="chkIsSendMail"]
2025-10-21 21:59:02,580 - INFO - 成功点击元素: xpath: /html/body/div[4]/div/div[3]/div[2]/div[2]/div[4]/button
2025-10-21 21:59:03,583 - INFO - 订单提交完成
2025-10-21 21:59:03,583 - INFO - 查看订单
2025-10-21 21:59:06,521 - INFO - 成功点击元素: xpath: //*[@id="submit-order"]/div[2]/div/div[3]/button[1]
2025-10-21 21:59:06,521 - INFO - 下载操作完成
2025-10-21 21:59:06,521 - INFO - 所有操作完成
2025-10-21 21:59:06,521 - INFO - ===== 订单提交程序结束 =====
